This is pdfTeX, Version 3.141592653-2.6-1.40.23 (TeX Live 2022/dev) (preloaded format=pdflatex 2021.9.16)  1 SEP 2022 00:36
entering extended mode
 restricted \write18 enabled.
 %&-line parsing enabled.
**04-results.tex
(./04-results.tex
LaTeX2e <2021-06-01> patch level 1
L3 programming layer <2021-08-27> (./templates/ociamthesis.cls
Document Class: templates/ociamthesis 2015/04/30 Oxford thesis class
(/Users/matthewlaw/Library/TinyTeX/texmf-dist/tex/latex/base/report.cls
Document Class: report 2021/02/12 v1.4n Standard LaTeX document class
(/Users/matthewlaw/Library/TinyTeX/texmf-dist/tex/latex/base/size12.clo
File: size12.clo 2021/02/12 v1.4n Standard LaTeX file (size option)
)
\c@part=\count182
\c@chapter=\count183
\c@section=\count184
\c@subsection=\count185
\c@subsubsection=\count186
\c@paragraph=\count187
\c@subparagraph=\count188
\c@figure=\count189
\c@table=\count190
\abovecaptionskip=\skip47
\belowcaptionskip=\skip48
\bibindent=\dimen138
)
\singlebaselineskip=\skip49
\frontmatterbaselineskip=\skip50
\textbaselineskip=\skip51
\abstractseparatelineskip=\skip52
\abstractseparateparskip=\skip53
(/Users/matthewlaw/Library/TinyTeX/texmf-dist/tex/latex/varwidth/varwidth.sty
Package: varwidth 2009/03/30 ver 0.92;  Variable-width minipages
\@vwid@box=\box50
\sift@deathcycles=\count191
\@vwid@loff=\dimen139
\@vwid@roff=\dimen140
) (/Users/matthewlaw/Library/TinyTeX/texmf-dist/tex/latex/geometry/geometry.sty
Package: geometry 2020/01/02 v5.9 Page Geometry
(/Users/matthewlaw/Library/TinyTeX/texmf-dist/tex/latex/graphics/keyval.sty
Package: keyval 2014/10/28 v1.15 key=value parser (DPC)
\KV@toks@=\toks16
) (/Users/matthewlaw/Library/TinyTeX/texmf-dist/tex/generic/iftex/ifvtex.sty
Package: ifvtex 2019/10/25 v1.7 ifvtex legacy package. Use iftex instead.
(/Users/matthewlaw/Library/TinyTeX/texmf-dist/tex/generic/iftex/iftex.sty
Package: iftex 2020/03/06 v1.0d TeX engine tests
))
\Gm@cnth=\count192
\Gm@cntv=\count193
\c@Gm@tempcnt=\count194
\Gm@bindingoffset=\dimen141
\Gm@wd@mp=\dimen142
\Gm@odd@mp=\dimen143
\Gm@even@mp=\dimen144
\Gm@layoutwidth=\dimen145
\Gm@layoutheight=\dimen146
\Gm@layouthoffset=\dimen147
\Gm@layoutvoffset=\dimen148
\Gm@dimlist=\toks17
) (/Users/matthewlaw/Library/TinyTeX/texmf-dist/tex/latex/xcolor/xcolor.sty
Package: xcolor 2016/05/11 v2.12 LaTeX color extensions (UK)
(/Users/matthewlaw/Library/TinyTeX/texmf-dist/tex/latex/graphics-cfg/color.cfg
File: color.cfg 2016/01/02 v1.6 sample color configuration
)
Package xcolor Info: Driver file: pdftex.def on input line 225.

(/Users/matthewlaw/Library/TinyTeX/texmf-dist/tex/latex/graphics-def/pdftex.def
File: pdftex.def 2020/10/05 v1.2a Graphics/color driver for pdftex
)
Package xcolor Info: Model `cmy' substituted by `cmy0' on input line 1348.
Package xcolor Info: Model `hsb' substituted by `rgb' on input line 1352.
Package xcolor Info: Model `RGB' extended on input line 1364.
Package xcolor Info: Model `HTML' substituted by `rgb' on input line 1366.
Package xcolor Info: Model `Hsb' substituted by `hsb' on input line 1367.
Package xcolor Info: Model `tHsb' substituted by `hsb' on input line 1368.
Package xcolor Info: Model `HSB' substituted by `hsb' on input line 1369.
Package xcolor Info: Model `Gray' substituted by `gray' on input line 1370.
Package xcolor Info: Model `wave' substituted by `hsb' on input line 1371.
) (/Users/matthewlaw/Library/TinyTeX/texmf-dist/tex/latex/graphics/graphicx.sty
Package: graphicx 2020/12/05 v1.2c Enhanced LaTeX Graphics (DPC,SPQR)
(/Users/matthewlaw/Library/TinyTeX/texmf-dist/tex/latex/graphics/graphics.sty
Package: graphics 2021/03/04 v1.4d Standard LaTeX Graphics (DPC,SPQR)
(/Users/matthewlaw/Library/TinyTeX/texmf-dist/tex/latex/graphics/trig.sty
Package: trig 2016/01/03 v1.10 sin cos tan (DPC)
)
(/Users/matthewlaw/Library/TinyTeX/texmf-dist/tex/latex/graphics-cfg/graphics.c
fg
File: graphics.cfg 2016/06/04 v1.11 sample graphics configuration
)
Package graphics Info: Driver file: pdftex.def on input line 107.
)
\Gin@req@height=\dimen149
\Gin@req@width=\dimen150
)
(/Users/matthewlaw/Library/TinyTeX/texmf-dist/tex/latex/microtype/microtype.sty
Package: microtype 2021/03/14 v2.8c Micro-typographical refinements (RS)
\MT@toks=\toks18
\MT@count=\count195
LaTeX Info: Redefining \textls on input line 790.
\MT@outer@kern=\dimen151
LaTeX Info: Redefining \textmicrotypecontext on input line 1374.
\MT@listname@count=\count196

(/Users/matthewlaw/Library/TinyTeX/texmf-dist/tex/latex/microtype/microtype-pdf
tex.def
File: microtype-pdftex.def 2021/03/14 v2.8c Definitions specific to pdftex (RS)

LaTeX Info: Redefining \lsstyle on input line 915.
LaTeX Info: Redefining \lslig on input line 915.
\MT@outer@space=\skip54
)
Package microtype Info: Loading configuration file microtype.cfg.

(/Users/matthewlaw/Library/TinyTeX/texmf-dist/tex/latex/microtype/microtype.cfg
File: microtype.cfg 2021/03/14 v2.8c microtype main configuration file (RS)
)) (/Users/matthewlaw/Library/TinyTeX/texmf-dist/tex/latex/units/nicefrac.sty
Package: nicefrac 1998/08/04 v0.9b Nice fractions
\L@UnitsRaiseDisplaystyle=\skip55
\L@UnitsRaiseTextstyle=\skip56
\L@UnitsRaiseScriptstyle=\skip57
(/Users/matthewlaw/Library/TinyTeX/texmf-dist/tex/latex/base/ifthen.sty
Package: ifthen 2020/11/24 v1.1c Standard LaTeX ifthen package (DPC)
)) (/Users/matthewlaw/Library/TinyTeX/texmf-dist/tex/latex/amsmath/amsmath.sty
Package: amsmath 2021/04/20 v2.17j AMS math features
\@mathmargin=\skip58
For additional information on amsmath, use the `?' option.
(/Users/matthewlaw/Library/TinyTeX/texmf-dist/tex/latex/amsmath/amstext.sty
Package: amstext 2000/06/29 v2.01 AMS text
(/Users/matthewlaw/Library/TinyTeX/texmf-dist/tex/latex/amsmath/amsgen.sty
File: amsgen.sty 1999/11/30 v2.0 generic functions
\@emptytoks=\toks19
\ex@=\dimen152
)) (/Users/matthewlaw/Library/TinyTeX/texmf-dist/tex/latex/amsmath/amsbsy.sty
Package: amsbsy 1999/11/29 v1.2d Bold Symbols
\pmbraise@=\dimen153
) (/Users/matthewlaw/Library/TinyTeX/texmf-dist/tex/latex/amsmath/amsopn.sty
Package: amsopn 2016/03/08 v2.02 operator names
)
\inf@bad=\count197
LaTeX Info: Redefining \frac on input line 234.
\uproot@=\count198
\leftroot@=\count199
LaTeX Info: Redefining \overline on input line 399.
\classnum@=\count266
\DOTSCASE@=\count267
LaTeX Info: Redefining \ldots on input line 496.
LaTeX Info: Redefining \dots on input line 499.
LaTeX Info: Redefining \cdots on input line 620.
\Mathstrutbox@=\box51
\strutbox@=\box52
\big@size=\dimen154
LaTeX Font Info:    Redeclaring font encoding OML on input line 743.
LaTeX Font Info:    Redeclaring font encoding OMS on input line 744.
\macc@depth=\count268
\c@MaxMatrixCols=\count269
\dotsspace@=\muskip16
\c@parentequation=\count270
\dspbrk@lvl=\count271
\tag@help=\toks20
\row@=\count272
\column@=\count273
\maxfields@=\count274
\andhelp@=\toks21
\eqnshift@=\dimen155
\alignsep@=\dimen156
\tagshift@=\dimen157
\tagwidth@=\dimen158
\totwidth@=\dimen159
\lineht@=\dimen160
\@envbody=\toks22
\multlinegap=\skip59
\multlinetaggap=\skip60
\mathdisplay@stack=\toks23
LaTeX Info: Redefining \[ on input line 2923.
LaTeX Info: Redefining \] on input line 2924.
) (/Users/matthewlaw/Library/TinyTeX/texmf-dist/tex/latex/amsfonts/amssymb.sty
Package: amssymb 2013/01/14 v3.01 AMS font symbols
(/Users/matthewlaw/Library/TinyTeX/texmf-dist/tex/latex/amsfonts/amsfonts.sty
Package: amsfonts 2013/01/14 v3.01 Basic AMSFonts support
\symAMSa=\mathgroup4
\symAMSb=\mathgroup5
LaTeX Font Info:    Redeclaring math symbol \hbar on input line 98.
LaTeX Font Info:    Overwriting math alphabet `\mathfrak' in version `bold'
(Font)                  U/euf/m/n --> U/euf/b/n on input line 106.
)) (/Users/matthewlaw/Library/TinyTeX/texmf-dist/tex/latex/base/textcomp.sty
Package: textcomp 2020/02/02 v2.0n Standard LaTeX package
) (/Users/matthewlaw/Library/TinyTeX/texmf-dist/tex/latex/tools/longtable.sty
Package: longtable 2021-05-07 v4.16 Multi-page Table package (DPC)
\LTleft=\skip61
\LTright=\skip62
\LTpre=\skip63
\LTpost=\skip64
\LTchunksize=\count275
\LTcapwidth=\dimen161
\LT@head=\box53
\LT@firsthead=\box54
\LT@foot=\box55
\LT@lastfoot=\box56
\LT@gbox=\box57
\LT@cols=\count276
\LT@rows=\count277
\c@LT@tables=\count278
\c@LT@chunks=\count279
\LT@p@ftn=\toks24
) (/Users/matthewlaw/Library/TinyTeX/texmf-dist/tex/latex/caption/caption.sty
Package: caption 2020/10/26 v3.5g Customizing captions (AR)
(/Users/matthewlaw/Library/TinyTeX/texmf-dist/tex/latex/caption/caption3.sty
Package: caption3 2020/10/21 v2.2e caption3 kernel (AR)
\captionmargin=\dimen162
\captionmargin@=\dimen163
\captionwidth=\dimen164
\caption@tempdima=\dimen165
\caption@indent=\dimen166
\caption@parindent=\dimen167
\caption@hangindent=\dimen168
Package caption Info: Standard document class detected.
)
\c@caption@flags=\count280
\c@continuedfloat=\count281
Package caption Info: longtable package is loaded.
(/Users/matthewlaw/Library/TinyTeX/texmf-dist/tex/latex/caption/ltcaption.sty
Package: ltcaption 2020/05/30 v1.4b longtable captions (AR)
)) (/Users/matthewlaw/Library/TinyTeX/texmf-dist/tex/latex/tools/multicol.sty
Package: multicol 2019/12/09 v1.8y multicolumn formatting (FMi)
\c@tracingmulticols=\count282
\mult@box=\box58
\multicol@leftmargin=\dimen169
\c@unbalance=\count283
\c@collectmore=\count284
\doublecol@number=\count285
\multicoltolerance=\count286
\multicolpretolerance=\count287
\full@width=\dimen170
\page@free=\dimen171
\premulticols=\dimen172
\postmulticols=\dimen173
\multicolsep=\skip65
\multicolbaselineskip=\skip66
\partial@page=\box59
\last@line=\box60
\maxbalancingoverflow=\dimen174
\mult@rightbox=\box61
\mult@grightbox=\box62
\mult@gfirstbox=\box63
\mult@firstbox=\box64
\@tempa=\box65
\@tempa=\box66
\@tempa=\box67
\@tempa=\box68
\@tempa=\box69
\@tempa=\box70
\@tempa=\box71
\@tempa=\box72
\@tempa=\box73
\@tempa=\box74
\@tempa=\box75
\@tempa=\box76
\@tempa=\box77
\@tempa=\box78
\@tempa=\box79
\@tempa=\box80
\@tempa=\box81
\@tempa=\box82
\@tempa=\box83
\@tempa=\box84
\@tempa=\box85
\@tempa=\box86
\@tempa=\box87
\@tempa=\box88
\@tempa=\box89
\@tempa=\box90
\@tempa=\box91
\@tempa=\box92
\@tempa=\box93
\@tempa=\box94
\@tempa=\box95
\@tempa=\box96
\@tempa=\box97
\@tempa=\box98
\@tempa=\box99
\@tempa=\box100
\@tempa=\box101
\c@minrows=\count288
\c@columnbadness=\count289
\c@finalcolumnbadness=\count290
\last@try=\dimen175
\multicolovershoot=\dimen176
\multicolundershoot=\dimen177
\mult@nat@firstbox=\box102
\colbreak@box=\box103
\mc@col@check@num=\count291
) (/Users/matthewlaw/Library/TinyTeX/texmf-dist/tex/latex/multirow/multirow.sty
Package: multirow 2021/03/15 v2.8 Span multiple rows of a table
\multirow@colwidth=\skip67
\multirow@cntb=\count292
\multirow@dima=\skip68
\bigstrutjot=\dimen178
) (/Users/matthewlaw/Library/TinyTeX/texmf-dist/tex/latex/tools/array.sty
Package: array 2021/04/20 v2.5e Tabular extension package (FMi)
\col@sep=\dimen179
\ar@mcellbox=\box104
\extrarowheight=\dimen180
\NC@list=\toks25
\extratabsurround=\skip69
\backup@length=\skip70
\ar@cellbox=\box105
) (/Users/matthewlaw/Library/TinyTeX/texmf-dist/tex/latex/graphics/rotating.sty
Package: rotating 2016/08/11 v2.16d rotated objects in LaTeX
\c@r@tfl@t=\count293
\rotFPtop=\skip71
\rotFPbot=\skip72
\rot@float@box=\box106
\rot@mess@toks=\toks26
) (/Users/matthewlaw/Library/TinyTeX/texmf-dist/tex/latex/booktabs/booktabs.sty
Package: booktabs 2020/01/12 v1.61803398 Publication quality tables
\heavyrulewidth=\dimen181
\lightrulewidth=\dimen182
\cmidrulewidth=\dimen183
\belowrulesep=\dimen184
\belowbottomsep=\dimen185
\aboverulesep=\dimen186
\abovetopsep=\dimen187
\cmidrulesep=\dimen188
\cmidrulekern=\dimen189
\defaultaddspace=\dimen190
\@cmidla=\count294
\@cmidlb=\count295
\@aboverulesep=\dimen191
\@belowrulesep=\dimen192
\@thisruleclass=\count296
\@lastruleclass=\count297
\@thisrulewidth=\dimen193
) (/Users/matthewlaw/Library/TinyTeX/texmf-dist/tex/latex/pdfpages/pdfpages.sty
Package: pdfpages 2021/03/06 v0.5t Insert pages of external PDF documents (AM)
(/Users/matthewlaw/Library/TinyTeX/texmf-dist/tex/latex/tools/calc.sty
Package: calc 2017/05/25 v4.3 Infix arithmetic (KKT,FJ)
\calc@Acount=\count298
\calc@Bcount=\count299
\calc@Adimen=\dimen194
\calc@Bdimen=\dimen195
\calc@Askip=\skip73
\calc@Bskip=\skip74
LaTeX Info: Redefining \setlength on input line 80.
LaTeX Info: Redefining \addtolength on input line 81.
\calc@Ccount=\count300
\calc@Cskip=\skip75
) (/Users/matthewlaw/Library/TinyTeX/texmf-dist/tex/latex/eso-pic/eso-pic.sty
Package: eso-pic 2020/10/14 v3.0a eso-pic (RN)
\ESO@tempdima=\dimen196
\ESO@tempdimb=\dimen197
)
\AM@pagewidth=\dimen198
\AM@pageheight=\dimen199
\AM@fboxrule=\dimen256
(/Users/matthewlaw/Library/TinyTeX/texmf-dist/tex/latex/pdfpages/pppdftex.def
File: pppdftex.def 2021/03/06 v0.5t Pdfpages driver for pdfTeX (AM)
)
\pdfpages@includegraphics@status=\count301
\AM@pagebox=\box107
\AM@global@opts=\toks27
\AM@pagecnt=\count302
\AM@toc@title=\toks28
\c@AM@survey=\count303
\AM@templatesizebox=\box108
)
(/Users/matthewlaw/Library/TinyTeX/texmf-dist/tex/latex/l3packages/xfrac/xfrac.
sty (/Users/matthewlaw/Library/TinyTeX/texmf-dist/tex/latex/l3kernel/expl3.sty
Package: expl3 2021-08-27 L3 programming layer (loader) 

(/Users/matthewlaw/Library/TinyTeX/texmf-dist/tex/latex/l3backend/l3backend-pdf
tex.def
File: l3backend-pdftex.def 2021-08-04 L3 backend support: PDF output (pdfTeX)
\l__color_backend_stack_int=\count304
\l__pdf_internal_box=\box109
))
(/Users/matthewlaw/Library/TinyTeX/texmf-dist/tex/latex/l3packages/l3keys2e/l3k
eys2e.sty
Package: l3keys2e 2021-08-27 LaTeX2e option processing using LaTeX3 keys
)
(/Users/matthewlaw/Library/TinyTeX/texmf-dist/tex/latex/l3packages/xparse/xpars
e.sty
Package: xparse 2021-08-27 L3 Experimental document command parser
)
(/Users/matthewlaw/Library/TinyTeX/texmf-dist/tex/latex/l3packages/xtemplate/xt
emplate.sty
Package: xtemplate 2021-08-27 L3 Experimental prototype document functions
\l__xtemplate_tmp_dim=\dimen257
\l__xtemplate_tmp_int=\count305
\l__xtemplate_tmp_muskip=\muskip17
\l__xtemplate_tmp_skip=\skip76
)
Package: xfrac 2021-08-27 L3 Experimental split-level fractions
\l__xfrac_slash_box=\box110
\l__xfrac_tmp_box=\box111
\l__xfrac_denominator_bot_sep_dim=\dimen258
\l__xfrac_numerator_bot_sep_dim=\dimen259
\l__xfrac_numerator_top_sep_dim=\dimen260
\l__xfrac_slash_left_sep_dim=\dimen261
\l__xfrac_slash_right_sep_dim=\dimen262
\l__xfrac_slash_left_muskip=\muskip18
\l__xfrac_slash_right_muskip=\muskip19

Package xtemplate Info: Declaring object type 'xfrac' taking 3 argument(s) on
(xtemplate)             line 80.

) (/Users/matthewlaw/Library/TinyTeX/texmf-dist/tex/latex/enumitem/enumitem.sty
Package: enumitem 2019/06/20 v3.9 Customized lists
\labelindent=\skip77
\enit@outerparindent=\dimen263
\enit@toks=\toks29
\enit@inbox=\box112
\enit@count@id=\count306
\enitdp@description=\count307
) (/Users/matthewlaw/Library/TinyTeX/texmf-dist/tex/latex/tools/dcolumn.sty
Package: dcolumn 2014/10/28 v1.06 decimal alignment package (DPC)
) (/Users/matthewlaw/Library/TinyTeX/texmf-dist/tex/latex/appendix/appendix.sty
Package: appendix 2020/02/08 v1.2c extra appendix facilities
\c@@pps=\count308
\c@@ppsavesec=\count309
\c@@ppsaveapp=\count310
)
(/Users/matthewlaw/Library/TinyTeX/texmf-dist/tex/latex/notoccite/notoccite.sty
Package: notoccite 2000/07/20
) (/Users/matthewlaw/Library/TinyTeX/texmf-dist/tex/latex/minitoc/minitoc.sty
Package: minitoc 2018/07/12 v62 Package minitoc
(/Users/matthewlaw/Library/TinyTeX/texmf-dist/tex/latex/minitoc/mtcmess.sty
Package: mtcmess 2006/03/14
)
Package minitoc Info: I0001
(minitoc)             *** minitoc package, version 62 ***.
\tf@mtc=\write3
\mtcindent=\skip78
\mtcskipamount=\skip79
Package minitoc Info: I0005
(minitoc)             compatible with hyperref.
Package minitoc Info: I0023
(minitoc)             part level macros available.
Package minitoc Info: I0003
(minitoc)             chapter level macros available.
\mtc@toks=\toks30
\mtc@strutbox=\box113
\mtc@hstrutbox=\box114
Package minitoc Info: I0002
(minitoc)             Autoconfiguration of extensions.
\openout3 = `04-results.mtc0'.

\openout3 = `04-results.mtc'.

(./04-results.mtc0)
Package minitoc Info: I0012
(minitoc)             Long extensions (Unix-like) will be used.
Package minitoc Info: I0031
(minitoc)             ==> this version is configured for UNIX-like 
(minitoc)                 (long extensions) file names.
\openout3 = `04-results.mtc'.

\openout3 = `04-results.mtc0'.

\c@mtc=\count311
\c@minitocdepth=\count312
\c@ptc=\count313
\c@parttocdepth=\count314
\ptcindent=\skip80
Package minitoc Info: I0010
(minitoc)             The english language is selected.
(minitoc)              on input line 4910.
(/Users/matthewlaw/Library/TinyTeX/texmf-dist/tex/latex/minitoc/english.mld
File: english.mld 2006/01/13
) (/Users/matthewlaw/Library/TinyTeX/texmf-dist/tex/latex/minitoc/english.mld
File: english.mld 2006/01/13
)) (/Users/matthewlaw/Library/TinyTeX/texmf-dist/tex/latex/quotchap/quotchap.st
y
Package: quotchap 2020/11/13 v1.3 Decorative Chapter Headings with Quotes
\@quotebox=\box115
)
(/Users/matthewlaw/Library/TinyTeX/texmf-dist/tex/latex/tocbibind/tocbibind.sty
Package: tocbibind 2010/10/13 v1.5k extra ToC listings
Package tocbibind Info: The document has chapter divisions on input line 50.

Package tocbibind Note: Using chapter style headings, unless overridden.

) (/Users/matthewlaw/Library/TinyTeX/texmf-dist/tex/latex/lm/lmodern.sty
Package: lmodern 2015/05/01 v1.6.1 Latin Modern Fonts
LaTeX Font Info:    Overwriting symbol font `operators' in version `normal'
(Font)                  OT1/cmr/m/n --> OT1/lmr/m/n on input line 22.
LaTeX Font Info:    Overwriting symbol font `letters' in version `normal'
(Font)                  OML/cmm/m/it --> OML/lmm/m/it on input line 23.
LaTeX Font Info:    Overwriting symbol font `symbols' in version `normal'
(Font)                  OMS/cmsy/m/n --> OMS/lmsy/m/n on input line 24.
LaTeX Font Info:    Overwriting symbol font `largesymbols' in version `normal'
(Font)                  OMX/cmex/m/n --> OMX/lmex/m/n on input line 25.
LaTeX Font Info:    Overwriting symbol font `operators' in version `bold'
(Font)                  OT1/cmr/bx/n --> OT1/lmr/bx/n on input line 26.
LaTeX Font Info:    Overwriting symbol font `letters' in version `bold'
(Font)                  OML/cmm/b/it --> OML/lmm/b/it on input line 27.
LaTeX Font Info:    Overwriting symbol font `symbols' in version `bold'
(Font)                  OMS/cmsy/b/n --> OMS/lmsy/b/n on input line 28.
LaTeX Font Info:    Overwriting symbol font `largesymbols' in version `bold'
(Font)                  OMX/cmex/m/n --> OMX/lmex/m/n on input line 29.
LaTeX Font Info:    Overwriting math alphabet `\mathbf' in version `normal'
(Font)                  OT1/cmr/bx/n --> OT1/lmr/bx/n on input line 31.
LaTeX Font Info:    Overwriting math alphabet `\mathsf' in version `normal'
(Font)                  OT1/cmss/m/n --> OT1/lmss/m/n on input line 32.
LaTeX Font Info:    Overwriting math alphabet `\mathit' in version `normal'
(Font)                  OT1/cmr/m/it --> OT1/lmr/m/it on input line 33.
LaTeX Font Info:    Overwriting math alphabet `\mathtt' in version `normal'
(Font)                  OT1/cmtt/m/n --> OT1/lmtt/m/n on input line 34.
LaTeX Font Info:    Overwriting math alphabet `\mathbf' in version `bold'
(Font)                  OT1/cmr/bx/n --> OT1/lmr/bx/n on input line 35.
LaTeX Font Info:    Overwriting math alphabet `\mathsf' in version `bold'
(Font)                  OT1/cmss/bx/n --> OT1/lmss/bx/n on input line 36.
LaTeX Font Info:    Overwriting math alphabet `\mathit' in version `bold'
(Font)                  OT1/cmr/bx/it --> OT1/lmr/bx/it on input line 37.
LaTeX Font Info:    Overwriting math alphabet `\mathtt' in version `bold'
(Font)                  OT1/cmtt/m/n --> OT1/lmtt/m/n on input line 38.
) (/Users/matthewlaw/Library/TinyTeX/texmf-dist/tex/latex/base/fontenc.sty
Package: fontenc 2021/04/29 v2.0v Standard LaTeX package

(/Users/matthewlaw/Library/TinyTeX/texmf-dist/tex/latex/greek-fontenc/lgrenc.de
f
File: lgrenc.def 2020/10/13 2.0 LGR Greek font encoding definitions
Now handling font encoding LGR ...
... no UTF-8 mapping file for font encoding LGR

(/Users/matthewlaw/Library/TinyTeX/texmf-dist/tex/latex/greek-fontenc/greek-fon
tenc.def
File: greek-fontenc.def 2020/10/30 2.0 Common Greek font encoding definitions
))
LaTeX Font Info:    Trying to load font information for T1+lmr on input line 11
2.
(/Users/matthewlaw/Library/TinyTeX/texmf-dist/tex/latex/lm/t1lmr.fd
File: t1lmr.fd 2015/05/01 v1.6.1 Font defs for Latin Modern
)) (/Users/matthewlaw/Library/TinyTeX/texmf-dist/tex/latex/base/inputenc.sty
Package: inputenc 2021/02/14 v1.3d Input encoding file
\inpenc@prehook=\toks31
\inpenc@posthook=\toks32
) (/Users/matthewlaw/Library/TinyTeX/texmf-dist/tex/generic/babel/babel.sty
Package: babel 2021/07/22 3.63 The Babel package
(/Users/matthewlaw/Library/TinyTeX/texmf-dist/tex/generic/babel/babel.def
File: babel.def 2021/07/22 3.63 Babel common definitions
\babel@savecnt=\count315
\U@D=\dimen264
\l@unhyphenated=\language8
(/Users/matthewlaw/Library/TinyTeX/texmf-dist/tex/generic/babel/txtbabel.def)
\bbl@readstream=\read2
)
\bbl@dirlevel=\count316

(/Users/matthewlaw/Library/TinyTeX/texmf-dist/tex/generic/babel-greek/greek.ldf
Language: greek 2020/11/10 v1.10 Greek support for the babel system
Package babel Info: Hyphen rules for 'ancientgreek' set to \l@english
(babel)             (\language0). Reported on input line 49.
\bbl@monogreek=\count317
\bbl@polygreek=\count318
\bbl@ancientgreek=\count319
LaTeX Info: Redefining \& on input line 125.
)
(/Users/matthewlaw/Library/TinyTeX/texmf-dist/tex/generic/babel-latin/latin.ldf
Language: latin 2021-06-27 v4.0 Latin support from the babel system
Package babel Info: Making " an active character on input line 135.
)
(/Users/matthewlaw/Library/TinyTeX/texmf-dist/tex/generic/babel-english/english
.ldf
Language: english 2017/06/06 v3.3r English support from the babel system
Package babel Info: Hyphen rules for 'british' set to \l@english
(babel)             (\language0). Reported on input line 82.
Package babel Info: Hyphen rules for 'UKenglish' set to \l@english
(babel)             (\language0). Reported on input line 83.
Package babel Info: Hyphen rules for 'canadian' set to \l@english
(babel)             (\language0). Reported on input line 102.
Package babel Info: Hyphen rules for 'australian' set to \l@english
(babel)             (\language0). Reported on input line 105.
Package babel Info: Hyphen rules for 'newzealand' set to \l@english
(babel)             (\language0). Reported on input line 108.
)) (/Users/matthewlaw/Library/TinyTeX/texmf-dist/tex/latex/csquotes/csquotes.st
y
Package: csquotes 2021-02-22 v5.2l context-sensitive quotations (JAW)
(/Users/matthewlaw/Library/TinyTeX/texmf-dist/tex/latex/etoolbox/etoolbox.sty
Package: etoolbox 2020/10/05 v2.5k e-TeX tools for LaTeX (JAW)
\etb@tempcnta=\count320
)
\csq@reset=\count321
\csq@gtype=\count322
\csq@glevel=\count323
\csq@qlevel=\count324
\csq@maxlvl=\count325
\csq@tshold=\count326
\csq@ltx@everypar=\toks33
(/Users/matthewlaw/Library/TinyTeX/texmf-dist/tex/latex/csquotes/csquotes.def
File: csquotes.def 2021-02-22 v5.2l csquotes generic definitions (JAW)
)
Package csquotes Info: Trying to load configuration file 'csquotes.cfg'...
Package csquotes Info: ... configuration file loaded successfully.
(/Users/matthewlaw/Library/TinyTeX/texmf-dist/tex/latex/csquotes/csquotes.cfg
File: csquotes.cfg 
))
\mccurrentbaselineskip=\skip81
\mccurrentparskip=\skip82
\mccurrentparindent=\skip83
(/Users/matthewlaw/Library/TinyTeX/texmf-dist/tex/latex/framed/framed.sty
Package: framed 2011/10/22 v 0.96: framed or shaded text with page breaks
\OuterFrameSep=\skip84
\fb@frw=\dimen265
\fb@frh=\dimen266
\FrameRule=\dimen267
\FrameSep=\dimen268
) (/Users/matthewlaw/Library/TinyTeX/texmf-dist/tex/generic/soul/soul.sty
Package: soul 2003/11/17 v2.4 letterspacing/underlining (mf)
\SOUL@word=\toks34
\SOUL@lasttoken=\toks35
\SOUL@cmds=\toks36
\SOUL@buffer=\toks37
\SOUL@token=\toks38
\SOUL@spaceskip=\skip85
\SOUL@ttwidth=\dimen269
\SOUL@uldp=\dimen270
\SOUL@ulht=\dimen271
)) (/Users/matthewlaw/Library/TinyTeX/texmf-dist/tex/latex/hyperref/hyperref.st
y
Package: hyperref 2021-06-07 v7.00m Hypertext links for LaTeX
(/Users/matthewlaw/Library/TinyTeX/texmf-dist/tex/generic/ltxcmds/ltxcmds.sty
Package: ltxcmds 2020-05-10 v1.25 LaTeX kernel commands for general use (HO)
)
(/Users/matthewlaw/Library/TinyTeX/texmf-dist/tex/generic/pdftexcmds/pdftexcmds
.sty
Package: pdftexcmds 2020-06-27 v0.33 Utility functions of pdfTeX for LuaTeX (HO
)

(/Users/matthewlaw/Library/TinyTeX/texmf-dist/tex/generic/infwarerr/infwarerr.s
ty
Package: infwarerr 2019/12/03 v1.5 Providing info/warning/error messages (HO)
)
Package pdftexcmds Info: \pdf@primitive is available.
Package pdftexcmds Info: \pdf@ifprimitive is available.
Package pdftexcmds Info: \pdfdraftmode found.
)
(/Users/matthewlaw/Library/TinyTeX/texmf-dist/tex/generic/kvsetkeys/kvsetkeys.s
ty
Package: kvsetkeys 2019/12/15 v1.18 Key value parser (HO)
)
(/Users/matthewlaw/Library/TinyTeX/texmf-dist/tex/generic/kvdefinekeys/kvdefine
keys.sty
Package: kvdefinekeys 2019-12-19 v1.6 Define keys (HO)
)
(/Users/matthewlaw/Library/TinyTeX/texmf-dist/tex/generic/pdfescape/pdfescape.s
ty
Package: pdfescape 2019/12/09 v1.15 Implements pdfTeX's escape features (HO)
) (/Users/matthewlaw/Library/TinyTeX/texmf-dist/tex/latex/hycolor/hycolor.sty
Package: hycolor 2020-01-27 v1.10 Color options for hyperref/bookmark (HO)
)
(/Users/matthewlaw/Library/TinyTeX/texmf-dist/tex/latex/letltxmacro/letltxmacro
.sty
Package: letltxmacro 2019/12/03 v1.6 Let assignment for LaTeX macros (HO)
) (/Users/matthewlaw/Library/TinyTeX/texmf-dist/tex/latex/auxhook/auxhook.sty
Package: auxhook 2019-12-17 v1.6 Hooks for auxiliary files (HO)
)
(/Users/matthewlaw/Library/TinyTeX/texmf-dist/tex/latex/kvoptions/kvoptions.sty
Package: kvoptions 2020-10-07 v3.14 Key value format for package options (HO)
)
\@linkdim=\dimen272
\Hy@linkcounter=\count327
\Hy@pagecounter=\count328
(/Users/matthewlaw/Library/TinyTeX/texmf-dist/tex/latex/hyperref/pd1enc.def
File: pd1enc.def 2021-06-07 v7.00m Hyperref: PDFDocEncoding definition (HO)
Now handling font encoding PD1 ...
... no UTF-8 mapping file for font encoding PD1
)
(/Users/matthewlaw/Library/TinyTeX/texmf-dist/tex/latex/hyperref/hyperref-langp
atches.def
File: hyperref-langpatches.def 2021-06-07 v7.00m Hyperref: patches for babel la
nguages
) (/Users/matthewlaw/Library/TinyTeX/texmf-dist/tex/generic/intcalc/intcalc.sty
Package: intcalc 2019/12/15 v1.3 Expandable calculations with integers (HO)
)
(/Users/matthewlaw/Library/TinyTeX/texmf-dist/tex/generic/etexcmds/etexcmds.sty
Package: etexcmds 2019/12/15 v1.7 Avoid name clashes with e-TeX commands (HO)
)
\Hy@SavedSpaceFactor=\count329
(/Users/matthewlaw/Library/TinyTeX/texmf-dist/tex/latex/hyperref/puenc.def
File: puenc.def 2021-06-07 v7.00m Hyperref: PDF Unicode definition (HO)
Now handling font encoding PU ...
... no UTF-8 mapping file for font encoding PU

(/Users/matthewlaw/Library/TinyTeX/texmf-dist/tex/latex/hyperref/puenc-greekbas
ic.def
File: puenc-greekbasic.def 2021-06-07 v7.00m Hyperref: PDF Unicode definition (
greek block) (HO)
))
Package hyperref Info: Option `colorlinks' set `false' on input line 4073.
Package hyperref Info: Option `pdfpagelabels' set `true' on input line 4073.
Package hyperref Info: Hyper figures OFF on input line 4192.
Package hyperref Info: Link nesting OFF on input line 4197.
Package hyperref Info: Hyper index ON on input line 4200.
Package hyperref Info: Plain pages OFF on input line 4207.
Package hyperref Info: Backreferencing OFF on input line 4212.
Package hyperref Info: Implicit mode ON; LaTeX internals redefined.
Package hyperref Info: Bookmarks ON on input line 4445.
\c@Hy@tempcnt=\count330
(/Users/matthewlaw/Library/TinyTeX/texmf-dist/tex/latex/url/url.sty
\Urlmuskip=\muskip20
Package: url 2013/09/16  ver 3.4  Verb mode for urls, etc.
)
LaTeX Info: Redefining \url on input line 4804.
\XeTeXLinkMargin=\dimen273
(/Users/matthewlaw/Library/TinyTeX/texmf-dist/tex/generic/bitset/bitset.sty
Package: bitset 2019/12/09 v1.3 Handle bit-vector datatype (HO)

(/Users/matthewlaw/Library/TinyTeX/texmf-dist/tex/generic/bigintcalc/bigintcalc
.sty
Package: bigintcalc 2019/12/15 v1.5 Expandable calculations on big integers (HO
)
))
\Fld@menulength=\count331
\Field@Width=\dimen274
\Fld@charsize=\dimen275
Package hyperref Info: Hyper figures OFF on input line 6076.
Package hyperref Info: Link nesting OFF on input line 6081.
Package hyperref Info: Hyper index ON on input line 6084.
Package hyperref Info: backreferencing OFF on input line 6091.
Package hyperref Info: Link coloring OFF on input line 6096.
Package hyperref Info: Link coloring with OCG OFF on input line 6101.
Package hyperref Info: PDF/A mode OFF on input line 6106.
LaTeX Info: Redefining \ref on input line 6146.
LaTeX Info: Redefining \pageref on input line 6150.
(/Users/matthewlaw/Library/TinyTeX/texmf-dist/tex/latex/base/atbegshi-ltx.sty
Package: atbegshi-ltx 2021/01/10 v1.0c Emulation of the original atbegshi
package with kernel methods
)
\Hy@abspage=\count332
\c@Item=\count333
\c@Hfootnote=\count334
)
Package hyperref Info: Driver (autodetected): hpdftex.
(/Users/matthewlaw/Library/TinyTeX/texmf-dist/tex/latex/hyperref/hpdftex.def
File: hpdftex.def 2021-06-07 v7.00m Hyperref driver for pdfTeX
(/Users/matthewlaw/Library/TinyTeX/texmf-dist/tex/latex/base/atveryend-ltx.sty
Package: atveryend-ltx 2020/08/19 v1.0a Emulation of the original atvery packag
e
with kernel methods
)
\Fld@listcount=\count335
\c@bookmark@seq@number=\count336

(/Users/matthewlaw/Library/TinyTeX/texmf-dist/tex/latex/rerunfilecheck/rerunfil
echeck.sty
Package: rerunfilecheck 2019/12/05 v1.9 Rerun checks for auxiliary files (HO)

(/Users/matthewlaw/Library/TinyTeX/texmf-dist/tex/generic/uniquecounter/uniquec
ounter.sty
Package: uniquecounter 2019/12/15 v1.4 Provide unlimited unique counter (HO)
)
Package uniquecounter Info: New unique counter `rerunfilecheck' on input line 2
86.
)
\Hy@SectionHShift=\skip86
) (/Users/matthewlaw/Library/TinyTeX/texmf-dist/tex/latex/float/float.sty
Package: float 2001/11/08 v1.3d Float enhancements (AL)
\c@float@type=\count337
\float@exts=\toks39
\float@box=\box116
\@float@everytoks=\toks40
\@floatcapt=\box117
) (/Users/matthewlaw/Library/TinyTeX/texmf-dist/tex/latex/titlesec/titlesec.sty
Package: titlesec 2021/07/05 v2.14 Sectioning titles
\ttl@box=\box118
\beforetitleunit=\skip87
\aftertitleunit=\skip88
\ttl@plus=\dimen276
\ttl@minus=\dimen277
\ttl@toksa=\toks41
\titlewidth=\dimen278
\titlewidthlast=\dimen279
\titlewidthfirst=\dimen280
) (/Users/matthewlaw/Library/TinyTeX/texmf-dist/tex/latex/fancyvrb/fancyvrb.sty
Package: fancyvrb 2021/08/12 v3.8 verbatim text (tvz,hv)
\FV@CodeLineNo=\count338
\FV@InFile=\read3
\FV@TabBox=\box119
\c@FancyVerbLine=\count339
\FV@StepNumber=\count340
\FV@OutFile=\write4
) (/Users/matthewlaw/Library/TinyTeX/texmf-dist/tex/generic/ulem/ulem.sty
\UL@box=\box120
\UL@hyphenbox=\box121
\UL@skip=\skip89
\UL@hook=\toks42
\UL@height=\dimen281
\UL@pe=\count341
\UL@pixel=\dimen282
\ULC@box=\box122
Package: ulem 2019/11/18
\ULdepth=\dimen283
) (/Users/matthewlaw/Library/TinyTeX/texmf-dist/tex/latex/wrapfig/wrapfig.sty
\wrapoverhang=\dimen284
\WF@size=\dimen285
\c@WF@wrappedlines=\count342
\WF@box=\box123
\WF@everypar=\toks43
Package: wrapfig 2003/01/31  v 3.6
) (/Users/matthewlaw/Library/TinyTeX/texmf-dist/tex/latex/colortbl/colortbl.sty
Package: colortbl 2020/01/04 v1.0e Color table columns (DPC)
\everycr=\toks44
\minrowclearance=\skip90
)
(/Users/matthewlaw/Library/TinyTeX/texmf-dist/tex/latex/pdflscape/pdflscape.sty
Package: pdflscape 2019/12/05 v0.12 Display of landscape pages in PDF (HO)
(/Users/matthewlaw/Library/TinyTeX/texmf-dist/tex/latex/graphics/lscape.sty
Package: lscape 2020/05/28 v3.02 Landscape Pages (DPC)
)
Package pdflscape Info: Auto-detected driver: pdftex on input line 81.
) (/Users/matthewlaw/Library/TinyTeX/texmf-dist/tex/latex/tabu/tabu.sty
Package: tabu 2019/01/11 v2.9 - flexible LaTeX tabulars (FC+tabu-fixed)
\c@taburow=\count343
\tabu@nbcols=\count344
\tabu@cnt=\count345
\tabu@Xcol=\count346
\tabu@alloc=\count347
\tabu@nested=\count348
\tabu@target=\dimen286
\tabu@spreadtarget=\dimen287
\tabu@naturalX=\dimen288
\tabucolX=\dimen289
\tabu@Xsum=\dimen290
\extrarowdepth=\dimen291
\abovetabulinesep=\dimen292
\belowtabulinesep=\dimen293
\tabustrutrule=\dimen294
\tabu@thebody=\toks45
\tabu@footnotes=\toks46
\tabu@box=\box124
\tabu@arstrutbox=\box125
\tabu@hleads=\box126
\tabu@vleads=\box127
\tabu@cellskip=\skip91
)
(/Users/matthewlaw/Library/TinyTeX/texmf-dist/tex/latex/threeparttable/threepar
ttable.sty
Package: threeparttable 2003/06/13  v 3.0
\@tempboxb=\box128
)
(/Users/matthewlaw/Library/TinyTeX/texmf-dist/tex/latex/threeparttablex/threepa
rttablex.sty
Package: threeparttablex 2013/07/23 v0.3 by daleif
(/Users/matthewlaw/Library/TinyTeX/texmf-dist/tex/latex/environ/environ.sty
Package: environ 2014/05/04 v0.3 A new way to define environments

(/Users/matthewlaw/Library/TinyTeX/texmf-dist/tex/latex/trimspaces/trimspaces.s
ty
Package: trimspaces 2009/09/17 v1.1 Trim spaces around a token list
))
\TPTL@width=\skip92
) (/Users/matthewlaw/Library/TinyTeX/texmf-dist/tex/latex/makecell/makecell.sty
Package: makecell 2009/08/03 V0.1e Managing of Tab Column Heads and Cells
\rotheadsize=\dimen295
\c@nlinenum=\count349
\TeXr@lab=\toks47
) (/Users/matthewlaw/Library/TinyTeX/texmf-dist/tex/latex/biblatex/biblatex.sty
Package: biblatex 2020/12/31 v3.16 programmable bibliographies (PK/MW)
(/Users/matthewlaw/Library/TinyTeX/texmf-dist/tex/latex/logreq/logreq.sty
Package: logreq 2010/08/04 v1.0 xml request logger
\lrq@indent=\count350
(/Users/matthewlaw/Library/TinyTeX/texmf-dist/tex/latex/logreq/logreq.def
File: logreq.def 2010/08/04 v1.0 logreq spec v1.0
))
\c@tabx@nest=\count351
\c@listtotal=\count352
\c@listcount=\count353
\c@liststart=\count354
\c@liststop=\count355
\c@citecount=\count356
\c@citetotal=\count357
\c@multicitecount=\count358
\c@multicitetotal=\count359
\c@instcount=\count360
\c@maxnames=\count361
\c@minnames=\count362
\c@maxitems=\count363
\c@minitems=\count364
\c@citecounter=\count365
\c@maxcitecounter=\count366
\c@savedcitecounter=\count367
\c@uniquelist=\count368
\c@uniquename=\count369
\c@refsection=\count370
\c@refsegment=\count371
\c@maxextratitle=\count372
\c@maxextratitleyear=\count373
\c@maxextraname=\count374
\c@maxextradate=\count375
\c@maxextraalpha=\count376
\c@abbrvpenalty=\count377
\c@highnamepenalty=\count378
\c@lownamepenalty=\count379
\c@maxparens=\count380
\c@parenlevel=\count381
\blx@tempcnta=\count382
\blx@tempcntb=\count383
\blx@tempcntc=\count384
\blx@maxsection=\count385
\blx@maxsegment@0=\count386
\blx@notetype=\count387
\blx@parenlevel@text=\count388
\blx@parenlevel@foot=\count389
\blx@sectionciteorder@0=\count390
\blx@entrysetcounter=\count391
\blx@biblioinstance=\count392
\labelnumberwidth=\skip93
\labelalphawidth=\skip94
\biblabelsep=\skip95
\bibitemsep=\skip96
\bibnamesep=\skip97
\bibinitsep=\skip98
\bibparsep=\skip99
\bibhang=\skip100
\blx@bcfin=\read4
\blx@bcfout=\write5
\blx@langwohyphens=\language9
\c@mincomprange=\count393
\c@maxcomprange=\count394
\c@mincompwidth=\count395
Package biblatex Info: Trying to load biblatex default data model...
Package biblatex Info: ... file 'blx-dm.def' found.
(/Users/matthewlaw/Library/TinyTeX/texmf-dist/tex/latex/biblatex/blx-dm.def
File: blx-dm.def 2020/12/31 v3.16 biblatex localization (PK/MW)
)
Package biblatex Info: Trying to load biblatex style data model...
Package biblatex Info: ... file 'authoryear.dbx' not found.
Package biblatex Info: Trying to load biblatex custom data model...
Package biblatex Info: ... file 'biblatex-dm.cfg' not found.
\c@afterword=\count396
\c@savedafterword=\count397
\c@annotator=\count398
\c@savedannotator=\count399
\c@author=\count400
\c@savedauthor=\count401
\c@bookauthor=\count402
\c@savedbookauthor=\count403
\c@commentator=\count404
\c@savedcommentator=\count405
\c@editor=\count406
\c@savededitor=\count407
\c@editora=\count408
\c@savededitora=\count409
\c@editorb=\count410
\c@savededitorb=\count411
\c@editorc=\count412
\c@savededitorc=\count413
\c@foreword=\count414
\c@savedforeword=\count415
\c@holder=\count416
\c@savedholder=\count417
\c@introduction=\count418
\c@savedintroduction=\count419
\c@namea=\count420
\c@savednamea=\count421
\c@nameb=\count422
\c@savednameb=\count423
\c@namec=\count424
\c@savednamec=\count425
\c@translator=\count426
\c@savedtranslator=\count427
\c@shortauthor=\count428
\c@savedshortauthor=\count429
\c@shorteditor=\count430
\c@savedshorteditor=\count431
\c@labelname=\count432
\c@savedlabelname=\count433
\c@institution=\count434
\c@savedinstitution=\count435
\c@lista=\count436
\c@savedlista=\count437
\c@listb=\count438
\c@savedlistb=\count439
\c@listc=\count440
\c@savedlistc=\count441
\c@listd=\count442
\c@savedlistd=\count443
\c@liste=\count444
\c@savedliste=\count445
\c@listf=\count446
\c@savedlistf=\count447
\c@location=\count448
\c@savedlocation=\count449
\c@organization=\count450
\c@savedorganization=\count451
\c@origlocation=\count452
\c@savedoriglocation=\count453
\c@origpublisher=\count454
\c@savedorigpublisher=\count455
\c@publisher=\count456
\c@savedpublisher=\count457
\c@language=\count458
\c@savedlanguage=\count459
\c@origlanguage=\count460
\c@savedoriglanguage=\count461
\c@pageref=\count462
\c@savedpageref=\count463
\shorthandwidth=\skip101
\shortjournalwidth=\skip102
\shortserieswidth=\skip103
\shorttitlewidth=\skip104
\shortauthorwidth=\skip105
\shorteditorwidth=\skip106
\locallabelnumberwidth=\skip107
\locallabelalphawidth=\skip108
\localshorthandwidth=\skip109
\localshortjournalwidth=\skip110
\localshortserieswidth=\skip111
\localshorttitlewidth=\skip112
\localshortauthorwidth=\skip113
\localshorteditorwidth=\skip114
Package biblatex Info: Trying to load compatibility code...
Package biblatex Info: ... file 'blx-compat.def' found.

(/Users/matthewlaw/Library/TinyTeX/texmf-dist/tex/latex/biblatex/blx-compat.def
File: blx-compat.def 2020/12/31 v3.16 biblatex compatibility (PK/MW)
)
Package biblatex Info: Trying to load generic definitions...
Package biblatex Info: ... file 'biblatex.def' found.
(/Users/matthewlaw/Library/TinyTeX/texmf-dist/tex/latex/biblatex/biblatex.def
File: biblatex.def 2020/12/31 v3.16 biblatex compatibility (PK/MW)
\c@textcitecount=\count464
\c@textcitetotal=\count465
\c@textcitemaxnames=\count466
\c@biburlbigbreakpenalty=\count467
\c@biburlbreakpenalty=\count468
\c@biburlnumpenalty=\count469
\c@biburlucpenalty=\count470
\c@biburllcpenalty=\count471
\biburlbigskip=\muskip21
\biburlnumskip=\muskip22
\biburlucskip=\muskip23
\biburllcskip=\muskip24
\c@smartand=\count472
)
Package biblatex Info: Trying to load bibliography style 'authoryear'...
Package biblatex Info: ... file 'authoryear.bbx' found.

(/Users/matthewlaw/Library/TinyTeX/texmf-dist/tex/latex/biblatex/bbx/authoryear
.bbx
File: authoryear.bbx 2020/12/31 v3.16 biblatex bibliography style (PK/MW)
Package biblatex Info: Trying to load bibliography style 'standard'...
Package biblatex Info: ... file 'standard.bbx' found.

(/Users/matthewlaw/Library/TinyTeX/texmf-dist/tex/latex/biblatex/bbx/standard.b
bx
File: standard.bbx 2020/12/31 v3.16 biblatex bibliography style (PK/MW)
\c@bbx:relatedcount=\count473
\c@bbx:relatedtotal=\count474
))
Package biblatex Info: Trying to load citation style 'authoryear'...
Package biblatex Info: ... file 'authoryear.cbx' found.

(/Users/matthewlaw/Library/TinyTeX/texmf-dist/tex/latex/biblatex/cbx/authoryear
.cbx
File: authoryear.cbx 2020/12/31 v3.16 biblatex citation style (PK/MW)
Package biblatex Info: Redefining '\cite'.
Package biblatex Info: Redefining '\parencite'.
Package biblatex Info: Redefining '\footcite'.
Package biblatex Info: Redefining '\footcitetext'.
Package biblatex Info: Redefining '\smartcite'.
Package biblatex Info: Redefining '\textcite'.
Package biblatex Info: Redefining '\textcites'.
)
Package biblatex Info: Trying to load configuration file...
Package biblatex Info: ... file 'biblatex.cfg' found.
(/Users/matthewlaw/Library/TinyTeX/texmf-dist/tex/latex/biblatex/biblatex.cfg
File: biblatex.cfg 
)) (/Users/matthewlaw/Library/TinyTeX/texmf-dist/tex/latex/tex-gyre/tgpagella.s
ty
Package: tgpagella 2009/09/27 v1.2 TeX Gyre Pagella as default roman family
)
Package csquotes Info: Checking for multilingual support...
Package csquotes Info: ... found 'babel' package.
Package csquotes Info: Adjusting default style.
Package csquotes Info: Redefining alias 'default' -> 'english'.
LaTeX Font Info:    Trying to load font information for T1+qpl on input line 16
4.
(/Users/matthewlaw/Library/TinyTeX/texmf-dist/tex/latex/tex-gyre/t1qpl.fd
File: t1qpl.fd 2009/09/25 v1.2 font definition file for T1/qpl
) (./04-results.aux)
\openout1 = `04-results.aux'.

LaTeX Font Info:    Checking defaults for OML/cmm/m/it on input line 164.
LaTeX Font Info:    ... okay on input line 164.
LaTeX Font Info:    Checking defaults for OMS/cmsy/m/n on input line 164.
LaTeX Font Info:    ... okay on input line 164.
LaTeX Font Info:    Checking defaults for OT1/cmr/m/n on input line 164.
LaTeX Font Info:    ... okay on input line 164.
LaTeX Font Info:    Checking defaults for T1/cmr/m/n on input line 164.
LaTeX Font Info:    ... okay on input line 164.
LaTeX Font Info:    Checking defaults for TS1/cmr/m/n on input line 164.
LaTeX Font Info:    ... okay on input line 164.
LaTeX Font Info:    Checking defaults for OMX/cmex/m/n on input line 164.
LaTeX Font Info:    ... okay on input line 164.
LaTeX Font Info:    Checking defaults for U/cmr/m/n on input line 164.
LaTeX Font Info:    ... okay on input line 164.
LaTeX Font Info:    Checking defaults for LGR/cmr/m/n on input line 164.
LaTeX Font Info:    Trying to load font information for LGR+cmr on input line 1
64.
(/Users/matthewlaw/Library/TinyTeX/texmf-dist/tex/latex/cbfonts-fd/lgrcmr.fd
File: lgrcmr.fd 2017/07/29 v1.2 Greek European Computer Regular
)
LaTeX Font Info:    ... okay on input line 164.
LaTeX Font Info:    Checking defaults for PD1/pdf/m/n on input line 164.
LaTeX Font Info:    ... okay on input line 164.
LaTeX Font Info:    Checking defaults for PU/pdf/m/n on input line 164.
LaTeX Font Info:    ... okay on input line 164.
*geometry* driver: auto-detecting
*geometry* detected driver: pdftex
*geometry* verbose mode - [ preamble ] result:
* driver: pdftex
* paper: a4paper
* layout: <same size as paper>
* layoutoffset:(h,v)=(0.0pt,0.0pt)
* modes: includehead 
* h-part:(L,W,R)=(88.2037pt, 421.10046pt, 88.2037pt)
* v-part:(T,H,B)=(71.13188pt, 697.09262pt, 76.82234pt)
* \paperwidth=597.50787pt
* \paperheight=845.04684pt
* \textwidth=421.10046pt
* \textheight=662.33034pt
* \oddsidemargin=15.93372pt
* \evensidemargin=15.93372pt
* \topmargin=-1.1381pt
* \headheight=12.0pt
* \headsep=22.76228pt
* \topskip=12.0pt
* \footskip=34.14322pt
* \marginparwidth=44.0pt
* \marginparsep=10.0pt
* \columnsep=10.0pt
* \skip\footins=10.8pt plus 4.0pt minus 2.0pt
* \hoffset=0.0pt
* \voffset=0.0pt
* \mag=1000
* \@twocolumnfalse
* \@twosidefalse
* \@mparswitchfalse
* \@reversemarginfalse
* (1in=72.27pt=25.4mm, 1cm=28.453pt)


(/Users/matthewlaw/Library/TinyTeX/texmf-dist/tex/latex/epstopdf-pkg/epstopdf-b
ase.sty
Package: epstopdf-base 2020-01-24 v2.11 Base part for package epstopdf
(/Users/matthewlaw/Library/TinyTeX/texmf-dist/tex/latex/grfext/grfext.sty
Package: grfext 2019/12/03 v1.3 Manage graphics extensions (HO)
)
Package epstopdf-base Info: Redefining graphics rule for `.eps' on input line 4
85.
Package grfext Info: Graphics extension search list:
(grfext)             [.pdf,.png,.jpg,.mps,.jpeg,.jbig2,.jb2,.PDF,.PNG,.JPG,.JPE
G,.JBIG2,.JB2,.eps]
(grfext)             \AppendGraphicsExtensions on input line 504.

(/Users/matthewlaw/Library/TinyTeX/texmf-dist/tex/latex/latexconfig/epstopdf-sy
s.cfg
File: epstopdf-sys.cfg 2010/07/13 v1.3 Configuration of (r)epstopdf for TeX Liv
e
))
LaTeX Info: Redefining \microtypecontext on input line 164.
Package microtype Info: Generating PDF output.
Package microtype Info: Character protrusion enabled (level 2).
Package microtype Info: Using default protrusion set `alltext'.
Package microtype Info: Automatic font expansion enabled (level 2),
(microtype)             stretch: 20, shrink: 20, step: 1, non-selected.
Package microtype Info: Using default expansion set `alltext-nott'.
LaTeX Info: Redefining \showhyphens on input line 164.
Package microtype Info: No adjustment of tracking.
Package microtype Info: No adjustment of interword spacing.
Package microtype Info: No adjustment of character kerning.
(/Users/matthewlaw/Library/TinyTeX/texmf-dist/tex/latex/microtype/mt-ppl.cfg
File: mt-ppl.cfg 2005/11/16 v1.6 microtype config. file: Palatino (RS)
)
Package caption Info: Begin \AtBeginDocument code.
Package caption Info: float package is loaded.
Package caption Info: hyperref package is loaded.
Package caption Info: rotating package is loaded.
Package caption Info: threeparttable package is loaded.
Package caption Info: wrapfig package is loaded.
Package caption Info: End \AtBeginDocument code.

(/Users/matthewlaw/Library/TinyTeX/texmf-dist/tex/latex/greek-fontenc/puenc-gre
ek.def
File: puenc-greek.def 2020/10/18 2.0 Greek LICRs for PDF strings

(/Users/matthewlaw/Library/TinyTeX/texmf-dist/tex/latex/greek-fontenc/greek-fon
tenc.def
File: greek-fontenc.def 2020/10/30 2.0 Common Greek font encoding definitions
))
Package hyperref Info: Link coloring OFF on input line 164.
(/Users/matthewlaw/Library/TinyTeX/texmf-dist/tex/latex/hyperref/nameref.sty
Package: nameref 2021-04-02 v2.47 Cross-referencing by name of section
(/Users/matthewlaw/Library/TinyTeX/texmf-dist/tex/latex/refcount/refcount.sty
Package: refcount 2019/12/15 v3.6 Data extraction from label references (HO)
)
(/Users/matthewlaw/Library/TinyTeX/texmf-dist/tex/generic/gettitlestring/gettit
lestring.sty
Package: gettitlestring 2019/12/15 v1.6 Cleanup title references (HO)
)
\c@section@level=\count475
)
LaTeX Info: Redefining \ref on input line 164.
LaTeX Info: Redefining \pageref on input line 164.
LaTeX Info: Redefining \nameref on input line 164.
(./04-results.out) (./04-results.out)
\@outlinefile=\write6
\openout6 = `04-results.out'.

Package biblatex Info: Trying to load language 'english'...
Package biblatex Info: ... file 'english.lbx' found.

(/Users/matthewlaw/Library/TinyTeX/texmf-dist/tex/latex/biblatex/lbx/english.lb
x
File: english.lbx 2020/12/31 v3.16 biblatex localization (PK/MW)
)
Package biblatex Info: Trying to load language 'latin'...
Package biblatex Info: ... file 'latin.lbx' not found.

Package biblatex Warning: Language 'latin' not supported.
(biblatex)                Using dummy definitions on input line 164.

Package biblatex Info: Trying to load language 'greek'...
Package biblatex Info: ... file 'greek.lbx' found.
(/Users/matthewlaw/Library/TinyTeX/texmf-dist/tex/latex/biblatex/lbx/greek.lbx
File: greek.lbx 2020/12/31 v3.16 biblatex localization (PK/MW)
)
Package biblatex Info: Input encoding 'utf8' detected.
Package biblatex Info: Automatic encoding selection.
(biblatex)             Assuming data encoding 'utf8'.
Package biblatex Info: Document encoding is UTF8 ....
Package biblatex Info: ... and expl3
(biblatex)             2021-08-27 L3 programming layer (loader) 
(biblatex)             is new enough (at least 2020/04/06),
(biblatex)             setting 'casechanger=expl3'.

(/Users/matthewlaw/Library/TinyTeX/texmf-dist/tex/latex/biblatex/blx-case-expl3
.sty
Package: blx-case-expl3 2020/12/31 v3.16 expl3 case changing code for biblatex
)
\openout5 = `04-results.bcf'.

Package biblatex Info: Trying to load bibliographic data...
Package biblatex Info: ... file '04-results.bbl' found.
(./04-results.bbl)
Package biblatex Info: Reference section=0 on input line 164.
Package biblatex Info: Reference segment=0 on input line 164.
Chapter 1.
LaTeX Font Info:    Trying to load font information for T1+put on input line 18
1.
(/Users/matthewlaw/Library/TinyTeX/texmf-dist/tex/latex/psnfss/t1put.fd
File: t1put.fd 2001/06/04 font definitions for T1/put.
)
Package microtype Info: Loading generic protrusion settings for font family
(microtype)             `put' (encoding: T1).
(microtype)             For optimal results, create family-specific settings.
(microtype)             See the microtype manual for details.
Package minitoc Info: I0006
(minitoc)             04-results.mtc1 is empty on input line 184.
<figures/maps/MT_8cls_5sw 8.png, id=29, 597.432pt x 675.9654pt>
File: figures/maps/MT_8cls_5sw 8.png Graphic file (type png)
<use figures/maps/MT_8cls_5sw 8.png>
Package pdftex.def Info: figures/maps/MT_8cls_5sw 8.png  used on input line 198
.
(pdftex.def)             Requested size: 478.00812pt x 540.85556pt.

Overfull \hbox (56.90765pt too wide) in paragraph at lines 198--199
 [][] 
 []

<figures/maps/ET_8cls_5sw 2.png, id=31, 597.432pt x 675.9654pt>
File: figures/maps/ET_8cls_5sw 2.png Graphic file (type png)
<use figures/maps/ET_8cls_5sw 2.png>
Package pdftex.def Info: figures/maps/ET_8cls_5sw 2.png  used on input line 207
.
(pdftex.def)             Requested size: 478.00812pt x 540.85556pt.

Overfull \hbox (56.90765pt too wide) in paragraph at lines 207--208
 [][] 
 []

<figures/maps/block_8cls_5sw 2.png, id=32, 597.432pt x 675.9654pt>
File: figures/maps/block_8cls_5sw 2.png Graphic file (type png)
<use figures/maps/block_8cls_5sw 2.png>
Package pdftex.def Info: figures/maps/block_8cls_5sw 2.png  used on input line 
216.
(pdftex.def)             Requested size: 478.00812pt x 540.85556pt.

Overfull \hbox (56.90765pt too wide) in paragraph at lines 216--217
 [][] 
 []

<figures/maps/H3_8cls_5sw 2.png, id=33, 597.432pt x 675.9654pt>
File: figures/maps/H3_8cls_5sw 2.png Graphic file (type png)
<use figures/maps/H3_8cls_5sw 2.png>
Package pdftex.def Info: figures/maps/H3_8cls_5sw 2.png  used on input line 225
.
(pdftex.def)             Requested size: 478.00812pt x 540.85556pt.

Overfull \hbox (56.90765pt too wide) in paragraph at lines 225--226
 [][] 
 []

<figures/maps/H3_basic 1.png, id=34, 597.432pt x 675.9654pt>
File: figures/maps/H3_basic 1.png Graphic file (type png)
<use figures/maps/H3_basic 1.png>
Package pdftex.def Info: figures/maps/H3_basic 1.png  used on input line 234.
(pdftex.def)             Requested size: 478.00812pt x 540.85556pt.

Overfull \hbox (56.90765pt too wide) in paragraph at lines 234--235
 [][] 
 []

<figures/maps/H3_ET_chars 1.png, id=35, 597.432pt x 675.9654pt>
File: figures/maps/H3_ET_chars 1.png Graphic file (type png)
<use figures/maps/H3_ET_chars 1.png>
Package pdftex.def Info: figures/maps/H3_ET_chars 1.png  used on input line 243
.
(pdftex.def)             Requested size: 478.00812pt x 540.85556pt.

Overfull \hbox (56.90765pt too wide) in paragraph at lines 243--244
 [][] 
 []

<figures/maps/MT_constrained_15cls_5sw 1.png, id=36, 597.432pt x 675.9654pt>
File: figures/maps/MT_constrained_15cls_5sw 1.png Graphic file (type png)
<use figures/maps/MT_constrained_15cls_5sw 1.png>
Package pdftex.def Info: figures/maps/MT_constrained_15cls_5sw 1.png  used on i
nput line 252.
(pdftex.def)             Requested size: 478.00812pt x 540.85556pt.

Overfull \hbox (56.90765pt too wide) in paragraph at lines 252--253
 [][] 
 []

[1


{/Users/matthewlaw/Library/TinyTeX/texmf-var/fonts/map/pdftex/updmap/pdftex.map
}] [2 <./figures/maps/MT_8cls_5sw 8.png>] [3 <./figures/maps/ET_8cls_5sw 2.png>
] [4 <./figures/maps/block_8cls_5sw 2.png>] [5 <./figures/maps/H3_8cls_5sw 2.pn
g>] [6 <./figures/maps/H3_basic 1.png>] [7 <./figures/maps/H3_ET_chars 1.png>] 
[8 <./figures/maps/MT_constrained_15cls_5sw 1.png>]
LaTeX Font Info:    Trying to load font information for OT1+lmr on input line 2
74.
(/Users/matthewlaw/Library/TinyTeX/texmf-dist/tex/latex/lm/ot1lmr.fd
File: ot1lmr.fd 2015/05/01 v1.6.1 Font defs for Latin Modern
) (/Users/matthewlaw/Library/TinyTeX/texmf-dist/tex/latex/microtype/mt-cmr.cfg
File: mt-cmr.cfg 2013/05/19 v2.2 microtype config. file: Computer Modern Roman 
(RS)
)
LaTeX Font Info:    Trying to load font information for OML+lmm on input line 2
74.
(/Users/matthewlaw/Library/TinyTeX/texmf-dist/tex/latex/lm/omllmm.fd
File: omllmm.fd 2015/05/01 v1.6.1 Font defs for Latin Modern
)
LaTeX Font Info:    Trying to load font information for OMS+lmsy on input line 
274.
(/Users/matthewlaw/Library/TinyTeX/texmf-dist/tex/latex/lm/omslmsy.fd
File: omslmsy.fd 2015/05/01 v1.6.1 Font defs for Latin Modern
)
LaTeX Font Info:    Trying to load font information for OMX+lmex on input line 
274.
(/Users/matthewlaw/Library/TinyTeX/texmf-dist/tex/latex/lm/omxlmex.fd
File: omxlmex.fd 2015/05/01 v1.6.1 Font defs for Latin Modern
)
LaTeX Font Info:    External font `lmex10' loaded for size
(Font)              <12> on input line 274.
LaTeX Font Info:    External font `lmex10' loaded for size
(Font)              <8> on input line 274.
LaTeX Font Info:    External font `lmex10' loaded for size
(Font)              <6> on input line 274.
LaTeX Font Info:    Trying to load font information for U+msa on input line 274
.
(/Users/matthewlaw/Library/TinyTeX/texmf-dist/tex/latex/amsfonts/umsa.fd
File: umsa.fd 2013/01/14 v3.01 AMS symbols A
) (/Users/matthewlaw/Library/TinyTeX/texmf-dist/tex/latex/microtype/mt-msa.cfg
File: mt-msa.cfg 2006/02/04 v1.1 microtype config. file: AMS symbols (a) (RS)
)
LaTeX Font Info:    Trying to load font information for U+msb on input line 274
.
(/Users/matthewlaw/Library/TinyTeX/texmf-dist/tex/latex/amsfonts/umsb.fd
File: umsb.fd 2013/01/14 v3.01 AMS symbols B
) (/Users/matthewlaw/Library/TinyTeX/texmf-dist/tex/latex/microtype/mt-msb.cfg
File: mt-msb.cfg 2005/06/01 v1.0 microtype config. file: AMS symbols (b) (RS)
)
LaTeX Font Info:    External font `lmex10' loaded for size
(Font)              <10> on input line 274.
LaTeX Font Info:    External font `lmex10' loaded for size
(Font)              <7> on input line 274.
LaTeX Font Info:    External font `lmex10' loaded for size
(Font)              <5> on input line 274.
[9]
<figures/maps/neighbourhoods 2.png, id=109, 597.432pt x 675.9654pt>
File: figures/maps/neighbourhoods 2.png Graphic file (type png)
<use figures/maps/neighbourhoods 2.png>
Package pdftex.def Info: figures/maps/neighbourhoods 2.png  used on input line 
278.
(pdftex.def)             Requested size: 478.00812pt x 540.85556pt.

Overfull \hbox (56.90765pt too wide) in paragraph at lines 278--279
 [][] 
 []

<04-results_files/figure-latex//boxplot_fcb42288618.pdf, id=113, 120.45pt x 12.
045pt>
File: 04-results_files/figure-latex//boxplot_fcb42288618.pdf Graphic file (type
 pdf)
<use 04-results_files/figure-latex//boxplot_fcb42288618.pdf>
Package pdftex.def Info: 04-results_files/figure-latex//boxplot_fcb42288618.pdf
  used on input line 315.
(pdftex.def)             Requested size: 120.69412pt x 12.2857pt.
<04-results_files/figure-latex//boxplot_fcb174b7792.pdf, id=114, 120.45pt x 12.
045pt>
File: 04-results_files/figure-latex//boxplot_fcb174b7792.pdf Graphic file (type
 pdf)
<use 04-results_files/figure-latex//boxplot_fcb174b7792.pdf>
Package pdftex.def Info: 04-results_files/figure-latex//boxplot_fcb174b7792.pdf
  used on input line 315.
(pdftex.def)             Requested size: 120.69412pt x 12.2857pt.
<04-results_files/figure-latex//boxplot_fcb1e3f104a.pdf, id=115, 120.45pt x 12.
045pt>
File: 04-results_files/figure-latex//boxplot_fcb1e3f104a.pdf Graphic file (type
 pdf)
<use 04-results_files/figure-latex//boxplot_fcb1e3f104a.pdf>
Package pdftex.def Info: 04-results_files/figure-latex//boxplot_fcb1e3f104a.pdf
  used on input line 315.
(pdftex.def)             Requested size: 120.69412pt x 12.2857pt.
<04-results_files/figure-latex//boxplot_fcb4e59b10.pdf, id=116, 120.45pt x 12.0
45pt>
File: 04-results_files/figure-latex//boxplot_fcb4e59b10.pdf Graphic file (type 
pdf)
<use 04-results_files/figure-latex//boxplot_fcb4e59b10.pdf>
Package pdftex.def Info: 04-results_files/figure-latex//boxplot_fcb4e59b10.pdf 
 used on input line 315.
(pdftex.def)             Requested size: 120.69412pt x 12.2857pt.
<04-results_files/figure-latex//boxplot_fcb414d7f92.pdf, id=117, 120.45pt x 12.
045pt>
File: 04-results_files/figure-latex//boxplot_fcb414d7f92.pdf Graphic file (type
 pdf)
<use 04-results_files/figure-latex//boxplot_fcb414d7f92.pdf>
Package pdftex.def Info: 04-results_files/figure-latex//boxplot_fcb414d7f92.pdf
  used on input line 315.
(pdftex.def)             Requested size: 120.69412pt x 12.2857pt.
<04-results_files/figure-latex//boxplot_fcb557f2807.pdf, id=118, 120.45pt x 12.
045pt>
File: 04-results_files/figure-latex//boxplot_fcb557f2807.pdf Graphic file (type
 pdf)
<use 04-results_files/figure-latex//boxplot_fcb557f2807.pdf>
Package pdftex.def Info: 04-results_files/figure-latex//boxplot_fcb557f2807.pdf
  used on input line 315.
(pdftex.def)             Requested size: 120.69412pt x 12.2857pt.
<04-results_files/figure-latex//boxplot_fcb3cdf418d.pdf, id=119, 120.45pt x 12.
045pt>
File: 04-results_files/figure-latex//boxplot_fcb3cdf418d.pdf Graphic file (type
 pdf)
<use 04-results_files/figure-latex//boxplot_fcb3cdf418d.pdf>
Package pdftex.def Info: 04-results_files/figure-latex//boxplot_fcb3cdf418d.pdf
  used on input line 315.
(pdftex.def)             Requested size: 120.69412pt x 12.2857pt.
<04-results_files/figure-latex//boxplot_fcb6e67138.pdf, id=120, 120.45pt x 12.0
45pt>
File: 04-results_files/figure-latex//boxplot_fcb6e67138.pdf Graphic file (type 
pdf)
<use 04-results_files/figure-latex//boxplot_fcb6e67138.pdf>
Package pdftex.def Info: 04-results_files/figure-latex//boxplot_fcb6e67138.pdf 
 used on input line 315.
(pdftex.def)             Requested size: 120.69412pt x 12.2857pt.
<04-results_files/figure-latex//boxplot_fcb5a4fa051.pdf, id=121, 120.45pt x 12.
045pt>
File: 04-results_files/figure-latex//boxplot_fcb5a4fa051.pdf Graphic file (type
 pdf)
<use 04-results_files/figure-latex//boxplot_fcb5a4fa051.pdf>
Package pdftex.def Info: 04-results_files/figure-latex//boxplot_fcb5a4fa051.pdf
  used on input line 315.
(pdftex.def)             Requested size: 120.69412pt x 12.2857pt.
<04-results_files/figure-latex//boxplot_fcb2edf6101.pdf, id=122, 120.45pt x 12.
045pt>
File: 04-results_files/figure-latex//boxplot_fcb2edf6101.pdf Graphic file (type
 pdf)
<use 04-results_files/figure-latex//boxplot_fcb2edf6101.pdf>
Package pdftex.def Info: 04-results_files/figure-latex//boxplot_fcb2edf6101.pdf
  used on input line 315.
(pdftex.def)             Requested size: 120.69412pt x 12.2857pt.
[10] [11 <./figures/maps/neighbourhoods 2.png>]
<04-results_files/figure-latex/every-type-graph-1.pdf, id=143, 650.43pt x 397.4
85pt>
File: 04-results_files/figure-latex/every-type-graph-1.pdf Graphic file (type p
df)
<use 04-results_files/figure-latex/every-type-graph-1.pdf>
Package pdftex.def Info: 04-results_files/figure-latex/every-type-graph-1.pdf  
used on input line 321.
(pdftex.def)             Requested size: 421.10046pt x 257.34325pt.
[12 <./04-results_files/figure-latex//boxplot_fcb42288618.pdf> <./04-results_fi
les/figure-latex//boxplot_fcb174b7792.pdf> <./04-results_files/figure-latex//bo
xplot_fcb1e3f104a.pdf> <./04-results_files/figure-latex//boxplot_fcb4e59b10.pdf
> <./04-results_files/figure-latex//boxplot_fcb414d7f92.pdf> <./04-results_file
s/figure-latex//boxplot_fcb557f2807.pdf> <./04-results_files/figure-latex//boxp
lot_fcb3cdf418d.pdf> <./04-results_files/figure-latex//boxplot_fcb6e67138.pdf> 
<./04-results_files/figure-latex//boxplot_fcb5a4fa051.pdf> <./04-results_files/
figure-latex//boxplot_fcb2edf6101.pdf>]
<04-results_files/figure-latex/avg-type-graph-1.pdf, id=182, 505.89pt x 361.35p
t>
File: 04-results_files/figure-latex/avg-type-graph-1.pdf Graphic file (type pdf
)
<use 04-results_files/figure-latex/avg-type-graph-1.pdf>
Package pdftex.def Info: 04-results_files/figure-latex/avg-type-graph-1.pdf  us
ed on input line 329.
(pdftex.def)             Requested size: 421.10046pt x 300.7916pt.
[13 <./04-results_files/figure-latex/every-type-graph-1.pdf>]

LaTeX Warning: Reference `fig:house-price-coverage' on page 14 undefined on inp
ut line 339.

[14 <./04-results_files/figure-latex/avg-type-graph-1.pdf>]

LaTeX Warning: Reference `fig:avg-polygon-graph-all-points' on page 15 undefine
d on input line 341.

[15]
<04-results_files/figure-latex//boxplot_fcb43680296.pdf, id=228, 120.45pt x 12.
045pt>
File: 04-results_files/figure-latex//boxplot_fcb43680296.pdf Graphic file (type
 pdf)
<use 04-results_files/figure-latex//boxplot_fcb43680296.pdf>
Package pdftex.def Info: 04-results_files/figure-latex//boxplot_fcb43680296.pdf
  used on input line 372.
(pdftex.def)             Requested size: 120.69412pt x 12.2857pt.
<04-results_files/figure-latex//boxplot_fcb17c23c77.pdf, id=229, 120.45pt x 12.
045pt>
File: 04-results_files/figure-latex//boxplot_fcb17c23c77.pdf Graphic file (type
 pdf)
<use 04-results_files/figure-latex//boxplot_fcb17c23c77.pdf>
Package pdftex.def Info: 04-results_files/figure-latex//boxplot_fcb17c23c77.pdf
  used on input line 372.
(pdftex.def)             Requested size: 120.69412pt x 12.2857pt.
<04-results_files/figure-latex//boxplot_fcb5e27ed43.pdf, id=230, 120.45pt x 12.
045pt>
File: 04-results_files/figure-latex//boxplot_fcb5e27ed43.pdf Graphic file (type
 pdf)
<use 04-results_files/figure-latex//boxplot_fcb5e27ed43.pdf>
Package pdftex.def Info: 04-results_files/figure-latex//boxplot_fcb5e27ed43.pdf
  used on input line 372.
(pdftex.def)             Requested size: 120.69412pt x 12.2857pt.
<04-results_files/figure-latex//boxplot_fcb41bc1dd7.pdf, id=231, 120.45pt x 12.
045pt>
File: 04-results_files/figure-latex//boxplot_fcb41bc1dd7.pdf Graphic file (type
 pdf)
<use 04-results_files/figure-latex//boxplot_fcb41bc1dd7.pdf>
Package pdftex.def Info: 04-results_files/figure-latex//boxplot_fcb41bc1dd7.pdf
  used on input line 372.
(pdftex.def)             Requested size: 120.69412pt x 12.2857pt.
<04-results_files/figure-latex//boxplot_fcb6b3a55e8.pdf, id=232, 120.45pt x 12.
045pt>
File: 04-results_files/figure-latex//boxplot_fcb6b3a55e8.pdf Graphic file (type
 pdf)
<use 04-results_files/figure-latex//boxplot_fcb6b3a55e8.pdf>
Package pdftex.def Info: 04-results_files/figure-latex//boxplot_fcb6b3a55e8.pdf
  used on input line 372.
(pdftex.def)             Requested size: 120.69412pt x 12.2857pt.
<04-results_files/figure-latex//boxplot_fcb76c310d.pdf, id=233, 120.45pt x 12.0
45pt>
File: 04-results_files/figure-latex//boxplot_fcb76c310d.pdf Graphic file (type 
pdf)
<use 04-results_files/figure-latex//boxplot_fcb76c310d.pdf>
Package pdftex.def Info: 04-results_files/figure-latex//boxplot_fcb76c310d.pdf 
 used on input line 372.
(pdftex.def)             Requested size: 120.69412pt x 12.2857pt.
<04-results_files/figure-latex//boxplot_fcb51cf11ab.pdf, id=234, 120.45pt x 12.
045pt>
File: 04-results_files/figure-latex//boxplot_fcb51cf11ab.pdf Graphic file (type
 pdf)
<use 04-results_files/figure-latex//boxplot_fcb51cf11ab.pdf>
Package pdftex.def Info: 04-results_files/figure-latex//boxplot_fcb51cf11ab.pdf
  used on input line 372.
(pdftex.def)             Requested size: 120.69412pt x 12.2857pt.
<04-results_files/figure-latex//boxplot_fcb6da52e0d.pdf, id=235, 120.45pt x 12.
045pt>
File: 04-results_files/figure-latex//boxplot_fcb6da52e0d.pdf Graphic file (type
 pdf)
<use 04-results_files/figure-latex//boxplot_fcb6da52e0d.pdf>
Package pdftex.def Info: 04-results_files/figure-latex//boxplot_fcb6da52e0d.pdf
  used on input line 372.
(pdftex.def)             Requested size: 120.69412pt x 12.2857pt.
<04-results_files/figure-latex//boxplot_fcb23974a5.pdf, id=236, 120.45pt x 12.0
45pt>
File: 04-results_files/figure-latex//boxplot_fcb23974a5.pdf Graphic file (type 
pdf)
<use 04-results_files/figure-latex//boxplot_fcb23974a5.pdf>
Package pdftex.def Info: 04-results_files/figure-latex//boxplot_fcb23974a5.pdf 
 used on input line 372.
(pdftex.def)             Requested size: 120.69412pt x 12.2857pt.
<04-results_files/figure-latex//boxplot_fcb6ebd18fe.pdf, id=237, 120.45pt x 12.
045pt>
File: 04-results_files/figure-latex//boxplot_fcb6ebd18fe.pdf Graphic file (type
 pdf)
<use 04-results_files/figure-latex//boxplot_fcb6ebd18fe.pdf>
Package pdftex.def Info: 04-results_files/figure-latex//boxplot_fcb6ebd18fe.pdf
  used on input line 372.
(pdftex.def)             Requested size: 120.69412pt x 12.2857pt.
<04-results_files/figure-latex/every-polygon-graph-1.pdf, id=241, 650.43pt x 39
7.485pt>
File: 04-results_files/figure-latex/every-polygon-graph-1.pdf Graphic file (typ
e pdf)
<use 04-results_files/figure-latex/every-polygon-graph-1.pdf>
Package pdftex.def Info: 04-results_files/figure-latex/every-polygon-graph-1.pd
f  used on input line 378.
(pdftex.def)             Requested size: 421.10046pt x 257.34325pt.
<04-results_files/figure-latex/avg-polygon-graph-1.pdf, id=244, 505.89pt x 361.
35pt>
File: 04-results_files/figure-latex/avg-polygon-graph-1.pdf Graphic file (type 
pdf)
<use 04-results_files/figure-latex/avg-polygon-graph-1.pdf>
Package pdftex.def Info: 04-results_files/figure-latex/avg-polygon-graph-1.pdf 
 used on input line 384.
(pdftex.def)             Requested size: 421.10046pt x 300.7916pt.

LaTeX Warning: Empty bibliography on input line 399.

Package minitoc Info: I0009
(minitoc)             Listing minitoc auxiliary files. 
(minitoc)             Creating the 04-results.maf file.
\openout3 = `04-results.maf'.

[16 <./04-results_files/figure-latex//boxplot_fcb43680296.pdf> <./04-results_fi
les/figure-latex//boxplot_fcb17c23c77.pdf> <./04-results_files/figure-latex//bo
xplot_fcb5e27ed43.pdf> <./04-results_files/figure-latex//boxplot_fcb41bc1dd7.pd
f> <./04-results_files/figure-latex//boxplot_fcb6b3a55e8.pdf> <./04-results_fil
es/figure-latex//boxplot_fcb76c310d.pdf> <./04-results_files/figure-latex//boxp
lot_fcb51cf11ab.pdf> <./04-results_files/figure-latex//boxplot_fcb6da52e0d.pdf>
 <./04-results_files/figure-latex//boxplot_fcb23974a5.pdf> <./04-results_files/
figure-latex//boxplot_fcb6ebd18fe.pdf>] [17 <./04-results_files/figure-latex/ev
ery-polygon-graph-1.pdf> <./04-results_files/figure-latex/avg-polygon-graph-1.p
df

pdfTeX warning: pdflatex (file ./04-results_files/figure-latex/avg-polygon-grap
h-1.pdf): PDF inclusion: multiple pdfs with page group included in a single pag
e
>] (./04-results.aux)

LaTeX Warning: There were undefined references.

Package rerunfilecheck Info: File `04-results.out' has not changed.
(rerunfilecheck)             Checksum: 7C3EF786CD9411389A0B2B7A7654E57D;805.
Package logreq Info: Writing requests to '04-results.run.xml'.
\openout1 = `04-results.run.xml'.

 ) 
Here is how much of TeX's memory you used:
 29849 strings out of 480466
 516336 string characters out of 5898980
 1323613 words of memory out of 5000000
 46587 multiletter control sequences out of 15000+600000
 491519 words of font info for 144 fonts, out of 8000000 for 9000
 59 hyphenation exceptions out of 8191
 72i,14n,81p,1542b,1685s stack positions out of 5000i,500n,10000p,200000b,80000s
pdfTeX warning (dest): name{relation-to-property-prices} has been referenced 
but does not exist, replaced by a fixed one

pdfTeX warning (dest): name{creating-spatial-segmentations-to-reflect-urban-mor
phology} has been referenced but does not exist, replaced by a fixed one

pdfTeX warning (dest): name{discussion} has been referenced but does not exist,
 replaced by a fixed one

pdfTeX warning (dest): name{additional-figures} has been referenced but does no
t exist, replaced by a fixed one

pdfTeX warning (dest): name{comparing-different-segmentations} has been referen
ced but does not exist, replaced by a fixed one

{/Users/matthewlaw/Library/TinyTeX/texmf-dist/fonts/enc/dvips/tex-gyre/q-ec.enc
}{/Users/matthewlaw/Library/TinyTeX/texmf-dist/fonts/enc/dvips/base/8r.enc}</Us
ers/matthewlaw/Library/TinyTeX/texmf-dist/fonts/type1/adobe/utopia/putb8a.pfb><
/Users/matthewlaw/Library/TinyTeX/texmf-dist/fonts/type1/public/tex-gyre/qplb.p
fb></Users/matthewlaw/Library/TinyTeX/texmf-dist/fonts/type1/public/tex-gyre/qp
lr.pfb></Users/matthewlaw/Library/TinyTeX/texmf-dist/fonts/type1/public/tex-gyr
e/qplri.pfb>
Output written on 04-results.pdf (17 pages, 18574471 bytes).
PDF statistics:
 331 PDF objects out of 1000 (max. 8388607)
 237 compressed objects within 3 object streams
 53 named destinations out of 1000 (max. 500000)
 32969 words of extra memory for PDF output out of 35830 (max. 10000000)

