This is XeTeX, Version 3.141592653-2.6-0.999993 (TeX Live 2021) (preloaded format=xelatex 2021.9.16)  19 SEP 2021 11:56
entering extended mode
 restricted \write18 enabled.
 %&-line parsing enabled.
**_main.tex
(./_main.tex
LaTeX2e <2021-06-01> patch level 1
L3 programming layer <2021-08-27> (./templates/ociamthesis.cls
Document Class: templates/ociamthesis 2015/04/30 Oxford thesis class
(/Users/matthewlaw/Library/TinyTeX/texmf-dist/tex/latex/base/report.cls
Document Class: report 2021/02/12 v1.4n Standard LaTeX document class
(/Users/matthewlaw/Library/TinyTeX/texmf-dist/tex/latex/base/size12.clo
File: size12.clo 2021/02/12 v1.4n Standard LaTeX file (size option)
)
\c@part=\count178
\c@chapter=\count179
\c@section=\count180
\c@subsection=\count181
\c@subsubsection=\count182
\c@paragraph=\count183
\c@subparagraph=\count184
\c@figure=\count185
\c@table=\count186
\abovecaptionskip=\skip47
\belowcaptionskip=\skip48
\bibindent=\dimen138
)
\singlebaselineskip=\skip49
\frontmatterbaselineskip=\skip50
\textbaselineskip=\skip51
\abstractseparatelineskip=\skip52
\abstractseparateparskip=\skip53
(/Users/matthewlaw/Library/TinyTeX/texmf-dist/tex/latex/varwidth/varwidth.sty
Package: varwidth 2009/03/30 ver 0.92;  Variable-width minipages
\@vwid@box=\box50
\sift@deathcycles=\count187
\@vwid@loff=\dimen139
\@vwid@roff=\dimen140
) (/Users/matthewlaw/Library/TinyTeX/texmf-dist/tex/latex/geometry/geometry.sty
Package: geometry 2020/01/02 v5.9 Page Geometry
(/Users/matthewlaw/Library/TinyTeX/texmf-dist/tex/latex/graphics/keyval.sty
Package: keyval 2014/10/28 v1.15 key=value parser (DPC)
\KV@toks@=\toks16
) (/Users/matthewlaw/Library/TinyTeX/texmf-dist/tex/generic/iftex/ifvtex.sty
Package: ifvtex 2019/10/25 v1.7 ifvtex legacy package. Use iftex instead.
(/Users/matthewlaw/Library/TinyTeX/texmf-dist/tex/generic/iftex/iftex.sty
Package: iftex 2020/03/06 v1.0d TeX engine tests
))
\Gm@cnth=\count188
\Gm@cntv=\count189
\c@Gm@tempcnt=\count190
\Gm@bindingoffset=\dimen141
\Gm@wd@mp=\dimen142
\Gm@odd@mp=\dimen143
\Gm@even@mp=\dimen144
\Gm@layoutwidth=\dimen145
\Gm@layoutheight=\dimen146
\Gm@layouthoffset=\dimen147
\Gm@layoutvoffset=\dimen148
\Gm@dimlist=\toks17
) (/Users/matthewlaw/Library/TinyTeX/texmf-dist/tex/latex/xcolor/xcolor.sty
Package: xcolor 2016/05/11 v2.12 LaTeX color extensions (UK)
(/Users/matthewlaw/Library/TinyTeX/texmf-dist/tex/latex/graphics-cfg/color.cfg
File: color.cfg 2016/01/02 v1.6 sample color configuration
)
Package xcolor Info: Driver file: xetex.def on input line 225.
(/Users/matthewlaw/Library/TinyTeX/texmf-dist/tex/latex/graphics-def/xetex.def
File: xetex.def 2021/03/18 v5.0k Graphics/color driver for xetex
)
Package xcolor Info: Model `cmy' substituted by `cmy0' on input line 1348.
Package xcolor Info: Model `RGB' extended on input line 1364.
Package xcolor Info: Model `HTML' substituted by `rgb' on input line 1366.
Package xcolor Info: Model `Hsb' substituted by `hsb' on input line 1367.
Package xcolor Info: Model `tHsb' substituted by `hsb' on input line 1368.
Package xcolor Info: Model `HSB' substituted by `hsb' on input line 1369.
Package xcolor Info: Model `Gray' substituted by `gray' on input line 1370.
Package xcolor Info: Model `wave' substituted by `hsb' on input line 1371.
) (/Users/matthewlaw/Library/TinyTeX/texmf-dist/tex/latex/graphics/graphicx.sty
Package: graphicx 2020/12/05 v1.2c Enhanced LaTeX Graphics (DPC,SPQR)
(/Users/matthewlaw/Library/TinyTeX/texmf-dist/tex/latex/graphics/graphics.sty
Package: graphics 2021/03/04 v1.4d Standard LaTeX Graphics (DPC,SPQR)
(/Users/matthewlaw/Library/TinyTeX/texmf-dist/tex/latex/graphics/trig.sty
Package: trig 2016/01/03 v1.10 sin cos tan (DPC)
)
(/Users/matthewlaw/Library/TinyTeX/texmf-dist/tex/latex/graphics-cfg/graphics.c
fg
File: graphics.cfg 2016/06/04 v1.11 sample graphics configuration
)
Package graphics Info: Driver file: xetex.def on input line 107.
)
\Gin@req@height=\dimen149
\Gin@req@width=\dimen150
)
(/Users/matthewlaw/Library/TinyTeX/texmf-dist/tex/latex/microtype/microtype.sty
Package: microtype 2021/03/14 v2.8c Micro-typographical refinements (RS)
\MT@toks=\toks18
\MT@count=\count191
LaTeX Info: Redefining \textls on input line 790.
\MT@outer@kern=\dimen151
LaTeX Info: Redefining \textmicrotypecontext on input line 1374.
\MT@listname@count=\count192

(/Users/matthewlaw/Library/TinyTeX/texmf-dist/tex/latex/microtype/microtype-xet
ex.def
File: microtype-xetex.def 2021/03/14 v2.8c Definitions specific to xetex (RS)
LaTeX Info: Redefining \lsstyle on input line 254.
)
Package microtype Info: Loading configuration file microtype.cfg.

(/Users/matthewlaw/Library/TinyTeX/texmf-dist/tex/latex/microtype/microtype.cfg
File: microtype.cfg 2021/03/14 v2.8c microtype main configuration file (RS)
)) (/Users/matthewlaw/Library/TinyTeX/texmf-dist/tex/latex/units/nicefrac.sty
Package: nicefrac 1998/08/04 v0.9b Nice fractions
\L@UnitsRaiseDisplaystyle=\skip54
\L@UnitsRaiseTextstyle=\skip55
\L@UnitsRaiseScriptstyle=\skip56
(/Users/matthewlaw/Library/TinyTeX/texmf-dist/tex/latex/base/ifthen.sty
Package: ifthen 2020/11/24 v1.1c Standard LaTeX ifthen package (DPC)
)) (/Users/matthewlaw/Library/TinyTeX/texmf-dist/tex/latex/amsmath/amsmath.sty
Package: amsmath 2021/04/20 v2.17j AMS math features
\@mathmargin=\skip57
For additional information on amsmath, use the `?' option.
(/Users/matthewlaw/Library/TinyTeX/texmf-dist/tex/latex/amsmath/amstext.sty
Package: amstext 2000/06/29 v2.01 AMS text
(/Users/matthewlaw/Library/TinyTeX/texmf-dist/tex/latex/amsmath/amsgen.sty
File: amsgen.sty 1999/11/30 v2.0 generic functions
\@emptytoks=\toks19
\ex@=\dimen152
)) (/Users/matthewlaw/Library/TinyTeX/texmf-dist/tex/latex/amsmath/amsbsy.sty
Package: amsbsy 1999/11/29 v1.2d Bold Symbols
\pmbraise@=\dimen153
) (/Users/matthewlaw/Library/TinyTeX/texmf-dist/tex/latex/amsmath/amsopn.sty
Package: amsopn 2016/03/08 v2.02 operator names
)
\inf@bad=\count193
LaTeX Info: Redefining \frac on input line 234.
\uproot@=\count194
\leftroot@=\count195
LaTeX Info: Redefining \overline on input line 399.
\classnum@=\count196
\DOTSCASE@=\count197
LaTeX Info: Redefining \ldots on input line 496.
LaTeX Info: Redefining \dots on input line 499.
LaTeX Info: Redefining \cdots on input line 620.
\Mathstrutbox@=\box51
\strutbox@=\box52
\big@size=\dimen154
LaTeX Font Info:    Redeclaring font encoding OML on input line 743.
LaTeX Font Info:    Redeclaring font encoding OMS on input line 744.
\macc@depth=\count198
\c@MaxMatrixCols=\count199
\dotsspace@=\muskip16
\c@parentequation=\count266
\dspbrk@lvl=\count267
\tag@help=\toks20
\row@=\count268
\column@=\count269
\maxfields@=\count270
\andhelp@=\toks21
\eqnshift@=\dimen155
\alignsep@=\dimen156
\tagshift@=\dimen157
\tagwidth@=\dimen158
\totwidth@=\dimen159
\lineht@=\dimen160
\@envbody=\toks22
\multlinegap=\skip58
\multlinetaggap=\skip59
\mathdisplay@stack=\toks23
LaTeX Info: Redefining \[ on input line 2923.
LaTeX Info: Redefining \] on input line 2924.
) (/Users/matthewlaw/Library/TinyTeX/texmf-dist/tex/latex/amsfonts/amssymb.sty
Package: amssymb 2013/01/14 v3.01 AMS font symbols
(/Users/matthewlaw/Library/TinyTeX/texmf-dist/tex/latex/amsfonts/amsfonts.sty
Package: amsfonts 2013/01/14 v3.01 Basic AMSFonts support
\symAMSa=\mathgroup4
\symAMSb=\mathgroup5
LaTeX Font Info:    Redeclaring math symbol \hbar on input line 98.
LaTeX Font Info:    Overwriting math alphabet `\mathfrak' in version `bold'
(Font)                  U/euf/m/n --> U/euf/b/n on input line 106.
)) (/Users/matthewlaw/Library/TinyTeX/texmf-dist/tex/latex/base/textcomp.sty
Package: textcomp 2020/02/02 v2.0n Standard LaTeX package
) (/Users/matthewlaw/Library/TinyTeX/texmf-dist/tex/latex/tools/longtable.sty
Package: longtable 2021-05-07 v4.16 Multi-page Table package (DPC)
\LTleft=\skip60
\LTright=\skip61
\LTpre=\skip62
\LTpost=\skip63
\LTchunksize=\count271
\LTcapwidth=\dimen161
\LT@head=\box53
\LT@firsthead=\box54
\LT@foot=\box55
\LT@lastfoot=\box56
\LT@gbox=\box57
\LT@cols=\count272
\LT@rows=\count273
\c@LT@tables=\count274
\c@LT@chunks=\count275
\LT@p@ftn=\toks24
) (/Users/matthewlaw/Library/TinyTeX/texmf-dist/tex/latex/caption/caption.sty
Package: caption 2020/10/26 v3.5g Customizing captions (AR)
(/Users/matthewlaw/Library/TinyTeX/texmf-dist/tex/latex/caption/caption3.sty
Package: caption3 2020/10/21 v2.2e caption3 kernel (AR)
\captionmargin=\dimen162
\captionmargin@=\dimen163
\captionwidth=\dimen164
\caption@tempdima=\dimen165
\caption@indent=\dimen166
\caption@parindent=\dimen167
\caption@hangindent=\dimen168
Package caption Info: Standard document class detected.
)
\c@caption@flags=\count276
\c@continuedfloat=\count277
Package caption Info: longtable package is loaded.
(/Users/matthewlaw/Library/TinyTeX/texmf-dist/tex/latex/caption/ltcaption.sty
Package: ltcaption 2020/05/30 v1.4b longtable captions (AR)
)) (/Users/matthewlaw/Library/TinyTeX/texmf-dist/tex/latex/tools/multicol.sty
Package: multicol 2019/12/09 v1.8y multicolumn formatting (FMi)
\c@tracingmulticols=\count278
\mult@box=\box58
\multicol@leftmargin=\dimen169
\c@unbalance=\count279
\c@collectmore=\count280
\doublecol@number=\count281
\multicoltolerance=\count282
\multicolpretolerance=\count283
\full@width=\dimen170
\page@free=\dimen171
\premulticols=\dimen172
\postmulticols=\dimen173
\multicolsep=\skip64
\multicolbaselineskip=\skip65
\partial@page=\box59
\last@line=\box60
\maxbalancingoverflow=\dimen174
\mult@rightbox=\box61
\mult@grightbox=\box62
\mult@gfirstbox=\box63
\mult@firstbox=\box64
\@tempa=\box65
\@tempa=\box66
\@tempa=\box67
\@tempa=\box68
\@tempa=\box69
\@tempa=\box70
\@tempa=\box71
\@tempa=\box72
\@tempa=\box73
\@tempa=\box74
\@tempa=\box75
\@tempa=\box76
\@tempa=\box77
\@tempa=\box78
\@tempa=\box79
\@tempa=\box80
\@tempa=\box81
\@tempa=\box82
\@tempa=\box83
\@tempa=\box84
\@tempa=\box85
\@tempa=\box86
\@tempa=\box87
\@tempa=\box88
\@tempa=\box89
\@tempa=\box90
\@tempa=\box91
\@tempa=\box92
\@tempa=\box93
\@tempa=\box94
\@tempa=\box95
\@tempa=\box96
\@tempa=\box97
\@tempa=\box98
\@tempa=\box99
\@tempa=\box100
\@tempa=\box101
\c@minrows=\count284
\c@columnbadness=\count285
\c@finalcolumnbadness=\count286
\last@try=\dimen175
\multicolovershoot=\dimen176
\multicolundershoot=\dimen177
\mult@nat@firstbox=\box102
\colbreak@box=\box103
\mc@col@check@num=\count287
) (/Users/matthewlaw/Library/TinyTeX/texmf-dist/tex/latex/multirow/multirow.sty
Package: multirow 2021/03/15 v2.8 Span multiple rows of a table
\multirow@colwidth=\skip66
\multirow@cntb=\count288
\multirow@dima=\skip67
\bigstrutjot=\dimen178
) (/Users/matthewlaw/Library/TinyTeX/texmf-dist/tex/latex/tools/array.sty
Package: array 2021/04/20 v2.5e Tabular extension package (FMi)
\col@sep=\dimen179
\ar@mcellbox=\box104
\extrarowheight=\dimen180
\NC@list=\toks25
\extratabsurround=\skip68
\backup@length=\skip69
\ar@cellbox=\box105
) (/Users/matthewlaw/Library/TinyTeX/texmf-dist/tex/latex/graphics/rotating.sty
Package: rotating 2016/08/11 v2.16d rotated objects in LaTeX
\c@r@tfl@t=\count289
\rotFPtop=\skip70
\rotFPbot=\skip71
\rot@float@box=\box106
\rot@mess@toks=\toks26
) (/Users/matthewlaw/Library/TinyTeX/texmf-dist/tex/latex/booktabs/booktabs.sty
Package: booktabs 2020/01/12 v1.61803398 Publication quality tables
\heavyrulewidth=\dimen181
\lightrulewidth=\dimen182
\cmidrulewidth=\dimen183
\belowrulesep=\dimen184
\belowbottomsep=\dimen185
\aboverulesep=\dimen186
\abovetopsep=\dimen187
\cmidrulesep=\dimen188
\cmidrulekern=\dimen189
\defaultaddspace=\dimen190
\@cmidla=\count290
\@cmidlb=\count291
\@aboverulesep=\dimen191
\@belowrulesep=\dimen192
\@thisruleclass=\count292
\@lastruleclass=\count293
\@thisrulewidth=\dimen193
) (/Users/matthewlaw/Library/TinyTeX/texmf-dist/tex/latex/pdfpages/pdfpages.sty
Package: pdfpages 2021/03/06 v0.5t Insert pages of external PDF documents (AM)
(/Users/matthewlaw/Library/TinyTeX/texmf-dist/tex/latex/tools/calc.sty
Package: calc 2017/05/25 v4.3 Infix arithmetic (KKT,FJ)
\calc@Acount=\count294
\calc@Bcount=\count295
\calc@Adimen=\dimen194
\calc@Bdimen=\dimen195
\calc@Askip=\skip72
\calc@Bskip=\skip73
LaTeX Info: Redefining \setlength on input line 80.
LaTeX Info: Redefining \addtolength on input line 81.
\calc@Ccount=\count296
\calc@Cskip=\skip74
) (/Users/matthewlaw/Library/TinyTeX/texmf-dist/tex/latex/eso-pic/eso-pic.sty
Package: eso-pic 2020/10/14 v3.0a eso-pic (RN)
\ESO@tempdima=\dimen196
\ESO@tempdimb=\dimen197
)
\AM@pagewidth=\dimen198
\AM@pageheight=\dimen199
\AM@fboxrule=\dimen256
(/Users/matthewlaw/Library/TinyTeX/texmf-dist/tex/latex/pdfpages/ppxetex.def
File: ppxetex.def 2021/03/06 v0.5t Pdfpages driver for XeTeX (AM)
)
\pdfpages@includegraphics@status=\count297
\AM@pagebox=\box107
\AM@global@opts=\toks27
\AM@pagecnt=\count298
\AM@toc@title=\toks28
\c@AM@survey=\count299
\AM@templatesizebox=\box108
)
(/Users/matthewlaw/Library/TinyTeX/texmf-dist/tex/latex/l3packages/xfrac/xfrac.
sty (/Users/matthewlaw/Library/TinyTeX/texmf-dist/tex/latex/l3kernel/expl3.sty
Package: expl3 2021-08-27 L3 programming layer (loader) 

(/Users/matthewlaw/Library/TinyTeX/texmf-dist/tex/latex/l3backend/l3backend-xet
ex.def
File: l3backend-xetex.def 2021-08-04 L3 backend support: XeTeX
(|extractbb --version)
\c__kernel_sys_dvipdfmx_version_int=\count300
\l__color_backend_stack_int=\count301
\g__color_backend_stack_int=\count302
\g__graphics_track_int=\count303
\l__pdf_internal_box=\box109
\g__pdf_backend_object_int=\count304
\g__pdf_backend_annotation_int=\count305
\g__pdf_backend_link_int=\count306
))
(/Users/matthewlaw/Library/TinyTeX/texmf-dist/tex/latex/l3packages/l3keys2e/l3k
eys2e.sty
Package: l3keys2e 2021-08-27 LaTeX2e option processing using LaTeX3 keys
)
(/Users/matthewlaw/Library/TinyTeX/texmf-dist/tex/latex/l3packages/xparse/xpars
e.sty
Package: xparse 2021-08-27 L3 Experimental document command parser
)
(/Users/matthewlaw/Library/TinyTeX/texmf-dist/tex/latex/l3packages/xtemplate/xt
emplate.sty
Package: xtemplate 2021-08-27 L3 Experimental prototype document functions
\l__xtemplate_tmp_dim=\dimen257
\l__xtemplate_tmp_int=\count307
\l__xtemplate_tmp_muskip=\muskip17
\l__xtemplate_tmp_skip=\skip75
)
Package: xfrac 2021-08-27 L3 Experimental split-level fractions
\l__xfrac_slash_box=\box110
\l__xfrac_tmp_box=\box111
\l__xfrac_denominator_bot_sep_dim=\dimen258
\l__xfrac_numerator_bot_sep_dim=\dimen259
\l__xfrac_numerator_top_sep_dim=\dimen260
\l__xfrac_slash_left_sep_dim=\dimen261
\l__xfrac_slash_right_sep_dim=\dimen262
\l__xfrac_slash_left_muskip=\muskip18
\l__xfrac_slash_right_muskip=\muskip19

Package xtemplate Info: Declaring object type 'xfrac' taking 3 argument(s) on
(xtemplate)             line 80.

) (/Users/matthewlaw/Library/TinyTeX/texmf-dist/tex/latex/enumitem/enumitem.sty
Package: enumitem 2019/06/20 v3.9 Customized lists
\labelindent=\skip76
\enit@outerparindent=\dimen263
\enit@toks=\toks29
\enit@inbox=\box112
\enit@count@id=\count308
\enitdp@description=\count309
) (/Users/matthewlaw/Library/TinyTeX/texmf-dist/tex/latex/tools/dcolumn.sty
Package: dcolumn 2014/10/28 v1.06 decimal alignment package (DPC)
) (/Users/matthewlaw/Library/TinyTeX/texmf-dist/tex/latex/appendix/appendix.sty
Package: appendix 2020/02/08 v1.2c extra appendix facilities
\c@@pps=\count310
\c@@ppsavesec=\count311
\c@@ppsaveapp=\count312
)
(/Users/matthewlaw/Library/TinyTeX/texmf-dist/tex/latex/notoccite/notoccite.sty
Package: notoccite 2000/07/20
) (/Users/matthewlaw/Library/TinyTeX/texmf-dist/tex/latex/minitoc/minitoc.sty
Package: minitoc 2018/07/12 v62 Package minitoc
(/Users/matthewlaw/Library/TinyTeX/texmf-dist/tex/latex/minitoc/mtcmess.sty
Package: mtcmess 2006/03/14
)
Package minitoc Info: I0001
(minitoc)             *** minitoc package, version 62 ***.
\tf@mtc=\write3
\mtcindent=\skip77
\mtcskipamount=\skip78
Package minitoc Info: I0005
(minitoc)             compatible with hyperref.
Package minitoc Info: I0023
(minitoc)             part level macros available.
Package minitoc Info: I0003
(minitoc)             chapter level macros available.
\mtc@toks=\toks30
\mtc@strutbox=\box113
\mtc@hstrutbox=\box114
Package minitoc Info: I0002
(minitoc)             Autoconfiguration of extensions.
\openout3 = `_main.mtc0'.

\openout3 = `_main.mtc'.

(./_main.mtc0)
Package minitoc Info: I0012
(minitoc)             Long extensions (Unix-like) will be used.
Package minitoc Info: I0031
(minitoc)             ==> this version is configured for UNIX-like 
(minitoc)                 (long extensions) file names.
\openout3 = `_main.mtc'.

\openout3 = `_main.mtc0'.

\c@mtc=\count313
\c@minitocdepth=\count314
\c@ptc=\count315
\c@parttocdepth=\count316
\ptcindent=\skip79
Package minitoc Info: I0010
(minitoc)             The english language is selected.
(minitoc)              on input line 4910.
(/Users/matthewlaw/Library/TinyTeX/texmf-dist/tex/latex/minitoc/english.mld
File: english.mld 2006/01/13
) (/Users/matthewlaw/Library/TinyTeX/texmf-dist/tex/latex/minitoc/english.mld
File: english.mld 2006/01/13
)) (/Users/matthewlaw/Library/TinyTeX/texmf-dist/tex/latex/quotchap/quotchap.st
y
Package: quotchap 2020/11/13 v1.3 Decorative Chapter Headings with Quotes
\@quotebox=\box115
)
(/Users/matthewlaw/Library/TinyTeX/texmf-dist/tex/latex/tocbibind/tocbibind.sty
Package: tocbibind 2010/10/13 v1.5k extra ToC listings
Package tocbibind Info: The document has chapter divisions on input line 50.

Package tocbibind Note: Using chapter style headings, unless overridden.

) (/Users/matthewlaw/Library/TinyTeX/texmf-dist/tex/latex/lm/lmodern.sty
Package: lmodern 2015/05/01 v1.6.1 Latin Modern Fonts
LaTeX Font Info:    Overwriting symbol font `operators' in version `normal'
(Font)                  OT1/cmr/m/n --> OT1/lmr/m/n on input line 22.
LaTeX Font Info:    Overwriting symbol font `letters' in version `normal'
(Font)                  OML/cmm/m/it --> OML/lmm/m/it on input line 23.
LaTeX Font Info:    Overwriting symbol font `symbols' in version `normal'
(Font)                  OMS/cmsy/m/n --> OMS/lmsy/m/n on input line 24.
LaTeX Font Info:    Overwriting symbol font `largesymbols' in version `normal'
(Font)                  OMX/cmex/m/n --> OMX/lmex/m/n on input line 25.
LaTeX Font Info:    Overwriting symbol font `operators' in version `bold'
(Font)                  OT1/cmr/bx/n --> OT1/lmr/bx/n on input line 26.
LaTeX Font Info:    Overwriting symbol font `letters' in version `bold'
(Font)                  OML/cmm/b/it --> OML/lmm/b/it on input line 27.
LaTeX Font Info:    Overwriting symbol font `symbols' in version `bold'
(Font)                  OMS/cmsy/b/n --> OMS/lmsy/b/n on input line 28.
LaTeX Font Info:    Overwriting symbol font `largesymbols' in version `bold'
(Font)                  OMX/cmex/m/n --> OMX/lmex/m/n on input line 29.
LaTeX Font Info:    Overwriting math alphabet `\mathbf' in version `normal'
(Font)                  OT1/cmr/bx/n --> OT1/lmr/bx/n on input line 31.
LaTeX Font Info:    Overwriting math alphabet `\mathsf' in version `normal'
(Font)                  OT1/cmss/m/n --> OT1/lmss/m/n on input line 32.
LaTeX Font Info:    Overwriting math alphabet `\mathit' in version `normal'
(Font)                  OT1/cmr/m/it --> OT1/lmr/m/it on input line 33.
LaTeX Font Info:    Overwriting math alphabet `\mathtt' in version `normal'
(Font)                  OT1/cmtt/m/n --> OT1/lmtt/m/n on input line 34.
LaTeX Font Info:    Overwriting math alphabet `\mathbf' in version `bold'
(Font)                  OT1/cmr/bx/n --> OT1/lmr/bx/n on input line 35.
LaTeX Font Info:    Overwriting math alphabet `\mathsf' in version `bold'
(Font)                  OT1/cmss/bx/n --> OT1/lmss/bx/n on input line 36.
LaTeX Font Info:    Overwriting math alphabet `\mathit' in version `bold'
(Font)                  OT1/cmr/bx/it --> OT1/lmr/bx/it on input line 37.
LaTeX Font Info:    Overwriting math alphabet `\mathtt' in version `bold'
(Font)                  OT1/cmtt/m/n --> OT1/lmtt/m/n on input line 38.
) (/Users/matthewlaw/Library/TinyTeX/texmf-dist/tex/latex/base/fontenc.sty
Package: fontenc 2021/04/29 v2.0v Standard LaTeX package

(/Users/matthewlaw/Library/TinyTeX/texmf-dist/tex/latex/greek-fontenc/lgrenc.de
f
File: lgrenc.def 2020/10/13 2.0 LGR Greek font encoding definitions

(/Users/matthewlaw/Library/TinyTeX/texmf-dist/tex/latex/greek-fontenc/greek-fon
tenc.def
File: greek-fontenc.def 2020/10/30 2.0 Common Greek font encoding definitions
))
LaTeX Font Info:    Trying to load font information for T1+lmr on input line 11
2.
(/Users/matthewlaw/Library/TinyTeX/texmf-dist/tex/latex/lm/t1lmr.fd
File: t1lmr.fd 2015/05/01 v1.6.1 Font defs for Latin Modern
)) (/Users/matthewlaw/Library/TinyTeX/texmf-dist/tex/latex/base/inputenc.sty
Package: inputenc 2021/02/14 v1.3d Input encoding file
\inpenc@prehook=\toks31
\inpenc@posthook=\toks32

Package inputenc Warning: inputenc package ignored with utf8 based engines.

) (/Users/matthewlaw/Library/TinyTeX/texmf-dist/tex/generic/babel/babel.sty
Package: babel 2021/07/22 3.63 The Babel package
(/Users/matthewlaw/Library/TinyTeX/texmf-dist/tex/generic/babel/babel.def
File: babel.def 2021/07/22 3.63 Babel common definitions
\babel@savecnt=\count317
\U@D=\dimen264
\l@unhyphenated=\language8
(/Users/matthewlaw/Library/TinyTeX/texmf-dist/tex/generic/babel/xebabel.def (/U
sers/matthewlaw/Library/TinyTeX/texmf-dist/tex/generic/babel/txtbabel.def))
\bbl@readstream=\read2
)
\bbl@dirlevel=\count318

(/Users/matthewlaw/Library/TinyTeX/texmf-dist/tex/generic/babel-greek/greek.ldf
Language: greek 2020/11/10 v1.10 Greek support for the babel system
Package babel Info: Hyphen rules for 'ancientgreek' set to \l@english
(babel)             (\language0). Reported on input line 49.
\bbl@monogreek=\count319
\bbl@polygreek=\count320
\bbl@ancientgreek=\count321

(/Users/matthewlaw/Library/TinyTeX/texmf-dist/tex/latex/greek-fontenc/tuenc-gre
ek.def
File: tuenc-greek.def 2020/10/13 2.0 Greek LICRs for XeTeX and LuaTeX

(/Users/matthewlaw/Library/TinyTeX/texmf-dist/tex/latex/greek-fontenc/greek-fon
tenc.def
File: greek-fontenc.def 2020/10/30 2.0 Common Greek font encoding definitions
))
LaTeX Info: Redefining \& on input line 125.
)
(/Users/matthewlaw/Library/TinyTeX/texmf-dist/tex/generic/babel-latin/latin.ldf
Language: latin 2021-06-27 v4.0 Latin support from the babel system
Package babel Info: Making " an active character on input line 135.
)
(/Users/matthewlaw/Library/TinyTeX/texmf-dist/tex/generic/babel-english/english
.ldf
Language: english 2017/06/06 v3.3r English support from the babel system
Package babel Info: Hyphen rules for 'british' set to \l@english
(babel)             (\language0). Reported on input line 82.
Package babel Info: Hyphen rules for 'UKenglish' set to \l@english
(babel)             (\language0). Reported on input line 83.
Package babel Info: Hyphen rules for 'canadian' set to \l@english
(babel)             (\language0). Reported on input line 102.
Package babel Info: Hyphen rules for 'australian' set to \l@english
(babel)             (\language0). Reported on input line 105.
Package babel Info: Hyphen rules for 'newzealand' set to \l@english
(babel)             (\language0). Reported on input line 108.
)) (/Users/matthewlaw/Library/TinyTeX/texmf-dist/tex/latex/csquotes/csquotes.st
y
Package: csquotes 2021-02-22 v5.2l context-sensitive quotations (JAW)
(/Users/matthewlaw/Library/TinyTeX/texmf-dist/tex/latex/etoolbox/etoolbox.sty
Package: etoolbox 2020/10/05 v2.5k e-TeX tools for LaTeX (JAW)
\etb@tempcnta=\count322
)
\csq@reset=\count323
\csq@gtype=\count324
\csq@glevel=\count325
\csq@qlevel=\count326
\csq@maxlvl=\count327
\csq@tshold=\count328
\csq@ltx@everypar=\toks33
(/Users/matthewlaw/Library/TinyTeX/texmf-dist/tex/latex/csquotes/csquotes.def
File: csquotes.def 2021-02-22 v5.2l csquotes generic definitions (JAW)
)
Package csquotes Info: Trying to load configuration file 'csquotes.cfg'...
Package csquotes Info: ... configuration file loaded successfully.
(/Users/matthewlaw/Library/TinyTeX/texmf-dist/tex/latex/csquotes/csquotes.cfg
File: csquotes.cfg 
))
\mccurrentbaselineskip=\skip80
\mccurrentparskip=\skip81
\mccurrentparindent=\skip82
(/Users/matthewlaw/Library/TinyTeX/texmf-dist/tex/latex/framed/framed.sty
Package: framed 2011/10/22 v 0.96: framed or shaded text with page breaks
\OuterFrameSep=\skip83
\fb@frw=\dimen265
\fb@frh=\dimen266
\FrameRule=\dimen267
\FrameSep=\dimen268
) (/Users/matthewlaw/Library/TinyTeX/texmf-dist/tex/generic/soul/soul.sty
Package: soul 2003/11/17 v2.4 letterspacing/underlining (mf)
\SOUL@word=\toks34
\SOUL@lasttoken=\toks35
\SOUL@cmds=\toks36
\SOUL@buffer=\toks37
\SOUL@token=\toks38
\SOUL@spaceskip=\skip84
\SOUL@ttwidth=\dimen269
\SOUL@uldp=\dimen270
\SOUL@ulht=\dimen271
)) (/Users/matthewlaw/Library/TinyTeX/texmf-dist/tex/latex/hyperref/hyperref.st
y
Package: hyperref 2021-06-07 v7.00m Hypertext links for LaTeX
(/Users/matthewlaw/Library/TinyTeX/texmf-dist/tex/generic/ltxcmds/ltxcmds.sty
Package: ltxcmds 2020-05-10 v1.25 LaTeX kernel commands for general use (HO)
)
(/Users/matthewlaw/Library/TinyTeX/texmf-dist/tex/generic/pdftexcmds/pdftexcmds
.sty
Package: pdftexcmds 2020-06-27 v0.33 Utility functions of pdfTeX for LuaTeX (HO
)

(/Users/matthewlaw/Library/TinyTeX/texmf-dist/tex/generic/infwarerr/infwarerr.s
ty
Package: infwarerr 2019/12/03 v1.5 Providing info/warning/error messages (HO)
)
Package pdftexcmds Info: \pdf@primitive is available.
Package pdftexcmds Info: \pdf@ifprimitive is available.
Package pdftexcmds Info: \pdfdraftmode not found.
)
(/Users/matthewlaw/Library/TinyTeX/texmf-dist/tex/generic/kvsetkeys/kvsetkeys.s
ty
Package: kvsetkeys 2019/12/15 v1.18 Key value parser (HO)
)
(/Users/matthewlaw/Library/TinyTeX/texmf-dist/tex/generic/kvdefinekeys/kvdefine
keys.sty
Package: kvdefinekeys 2019-12-19 v1.6 Define keys (HO)
)
(/Users/matthewlaw/Library/TinyTeX/texmf-dist/tex/generic/pdfescape/pdfescape.s
ty
Package: pdfescape 2019/12/09 v1.15 Implements pdfTeX's escape features (HO)
) (/Users/matthewlaw/Library/TinyTeX/texmf-dist/tex/latex/hycolor/hycolor.sty
Package: hycolor 2020-01-27 v1.10 Color options for hyperref/bookmark (HO)
)
(/Users/matthewlaw/Library/TinyTeX/texmf-dist/tex/latex/letltxmacro/letltxmacro
.sty
Package: letltxmacro 2019/12/03 v1.6 Let assignment for LaTeX macros (HO)
) (/Users/matthewlaw/Library/TinyTeX/texmf-dist/tex/latex/auxhook/auxhook.sty
Package: auxhook 2019-12-17 v1.6 Hooks for auxiliary files (HO)
)
(/Users/matthewlaw/Library/TinyTeX/texmf-dist/tex/latex/kvoptions/kvoptions.sty
Package: kvoptions 2020-10-07 v3.14 Key value format for package options (HO)
)
\@linkdim=\dimen272
\Hy@linkcounter=\count329
\Hy@pagecounter=\count330
(/Users/matthewlaw/Library/TinyTeX/texmf-dist/tex/latex/hyperref/pd1enc.def
File: pd1enc.def 2021-06-07 v7.00m Hyperref: PDFDocEncoding definition (HO)
)
(/Users/matthewlaw/Library/TinyTeX/texmf-dist/tex/latex/hyperref/hyperref-langp
atches.def
File: hyperref-langpatches.def 2021-06-07 v7.00m Hyperref: patches for babel la
nguages
) (/Users/matthewlaw/Library/TinyTeX/texmf-dist/tex/generic/intcalc/intcalc.sty
Package: intcalc 2019/12/15 v1.3 Expandable calculations with integers (HO)
)
(/Users/matthewlaw/Library/TinyTeX/texmf-dist/tex/generic/etexcmds/etexcmds.sty
Package: etexcmds 2019/12/15 v1.7 Avoid name clashes with e-TeX commands (HO)
)
\Hy@SavedSpaceFactor=\count331
(/Users/matthewlaw/Library/TinyTeX/texmf-dist/tex/latex/hyperref/puenc.def
File: puenc.def 2021-06-07 v7.00m Hyperref: PDF Unicode definition (HO)

(/Users/matthewlaw/Library/TinyTeX/texmf-dist/tex/latex/hyperref/puenc-greekbas
ic.def
File: puenc-greekbasic.def 2021-06-07 v7.00m Hyperref: PDF Unicode definition (
greek block) (HO)
))
Package hyperref Info: Option `colorlinks' set `false' on input line 4073.
Package hyperref Info: Option `pdfpagelabels' set `true' on input line 4073.
Package hyperref Info: Hyper figures OFF on input line 4192.
Package hyperref Info: Link nesting OFF on input line 4197.
Package hyperref Info: Hyper index ON on input line 4200.
Package hyperref Info: Plain pages OFF on input line 4207.
Package hyperref Info: Backreferencing OFF on input line 4212.
Package hyperref Info: Implicit mode ON; LaTeX internals redefined.
Package hyperref Info: Bookmarks ON on input line 4445.
\c@Hy@tempcnt=\count332
(/Users/matthewlaw/Library/TinyTeX/texmf-dist/tex/latex/url/url.sty
\Urlmuskip=\muskip20
Package: url 2013/09/16  ver 3.4  Verb mode for urls, etc.
)
LaTeX Info: Redefining \url on input line 4804.
\XeTeXLinkMargin=\dimen273
(/Users/matthewlaw/Library/TinyTeX/texmf-dist/tex/generic/bitset/bitset.sty
Package: bitset 2019/12/09 v1.3 Handle bit-vector datatype (HO)

(/Users/matthewlaw/Library/TinyTeX/texmf-dist/tex/generic/bigintcalc/bigintcalc
.sty
Package: bigintcalc 2019/12/15 v1.5 Expandable calculations on big integers (HO
)
))
\Fld@menulength=\count333
\Field@Width=\dimen274
\Fld@charsize=\dimen275
Package hyperref Info: Hyper figures OFF on input line 6076.
Package hyperref Info: Link nesting OFF on input line 6081.
Package hyperref Info: Hyper index ON on input line 6084.
Package hyperref Info: backreferencing OFF on input line 6091.
Package hyperref Info: Link coloring OFF on input line 6096.
Package hyperref Info: Link coloring with OCG OFF on input line 6101.
Package hyperref Info: PDF/A mode OFF on input line 6106.
LaTeX Info: Redefining \ref on input line 6146.
LaTeX Info: Redefining \pageref on input line 6150.
(/Users/matthewlaw/Library/TinyTeX/texmf-dist/tex/latex/base/atbegshi-ltx.sty
Package: atbegshi-ltx 2021/01/10 v1.0c Emulation of the original atbegshi
package with kernel methods
)
\Hy@abspage=\count334
\c@Item=\count335
\c@Hfootnote=\count336
)
Package hyperref Info: Driver (autodetected): hxetex.
(/Users/matthewlaw/Library/TinyTeX/texmf-dist/tex/latex/hyperref/hxetex.def
File: hxetex.def 2021-06-07 v7.00m Hyperref driver for XeTeX

(/Users/matthewlaw/Library/TinyTeX/texmf-dist/tex/generic/stringenc/stringenc.s
ty
Package: stringenc 2019/11/29 v1.12 Convert strings between diff. encodings (HO
)
)
\pdfm@box=\box116
\c@Hy@AnnotLevel=\count337
\HyField@AnnotCount=\count338
\Fld@listcount=\count339
\c@bookmark@seq@number=\count340

(/Users/matthewlaw/Library/TinyTeX/texmf-dist/tex/latex/rerunfilecheck/rerunfil
echeck.sty
Package: rerunfilecheck 2019/12/05 v1.9 Rerun checks for auxiliary files (HO)
(/Users/matthewlaw/Library/TinyTeX/texmf-dist/tex/latex/base/atveryend-ltx.sty
Package: atveryend-ltx 2020/08/19 v1.0a Emulation of the original atvery packag
e
with kernel methods
)
(/Users/matthewlaw/Library/TinyTeX/texmf-dist/tex/generic/uniquecounter/uniquec
ounter.sty
Package: uniquecounter 2019/12/15 v1.4 Provide unlimited unique counter (HO)
)
Package uniquecounter Info: New unique counter `rerunfilecheck' on input line 2
86.
)
\Hy@SectionHShift=\skip85
) (/Users/matthewlaw/Library/TinyTeX/texmf-dist/tex/latex/float/float.sty
Package: float 2001/11/08 v1.3d Float enhancements (AL)
\c@float@type=\count341
\float@exts=\toks39
\float@box=\box117
\@float@everytoks=\toks40
\@floatcapt=\box118
) (/Users/matthewlaw/Library/TinyTeX/texmf-dist/tex/latex/titlesec/titlesec.sty
Package: titlesec 2021/07/05 v2.14 Sectioning titles
\ttl@box=\box119
\beforetitleunit=\skip86
\aftertitleunit=\skip87
\ttl@plus=\dimen276
\ttl@minus=\dimen277
\ttl@toksa=\toks41
\titlewidth=\dimen278
\titlewidthlast=\dimen279
\titlewidthfirst=\dimen280
) (/Users/matthewlaw/Library/TinyTeX/texmf-dist/tex/generic/ulem/ulem.sty
\UL@box=\box120
\UL@hyphenbox=\box121
\UL@skip=\skip88
\UL@hook=\toks42
\UL@height=\dimen281
\UL@pe=\count342
\UL@pixel=\dimen282
\ULC@box=\box122
Package: ulem 2019/11/18
\ULdepth=\dimen283
) (/Users/matthewlaw/Library/TinyTeX/texmf-dist/tex/latex/wrapfig/wrapfig.sty
\wrapoverhang=\dimen284
\WF@size=\dimen285
\c@WF@wrappedlines=\count343
\WF@box=\box123
\WF@everypar=\toks43
Package: wrapfig 2003/01/31  v 3.6
) (/Users/matthewlaw/Library/TinyTeX/texmf-dist/tex/latex/colortbl/colortbl.sty
Package: colortbl 2020/01/04 v1.0e Color table columns (DPC)
\everycr=\toks44
\minrowclearance=\skip89
)
(/Users/matthewlaw/Library/TinyTeX/texmf-dist/tex/latex/pdflscape/pdflscape.sty
Package: pdflscape 2019/12/05 v0.12 Display of landscape pages in PDF (HO)
(/Users/matthewlaw/Library/TinyTeX/texmf-dist/tex/latex/graphics/lscape.sty
Package: lscape 2020/05/28 v3.02 Landscape Pages (DPC)
)
Package pdflscape Info: Auto-detected driver: dvipdfm (xetex) on input line 98.

) (/Users/matthewlaw/Library/TinyTeX/texmf-dist/tex/latex/tabu/tabu.sty
Package: tabu 2019/01/11 v2.9 - flexible LaTeX tabulars (FC+tabu-fixed)
\c@taburow=\count344
\tabu@nbcols=\count345
\tabu@cnt=\count346
\tabu@Xcol=\count347
\tabu@alloc=\count348
\tabu@nested=\count349
\tabu@target=\dimen286
\tabu@spreadtarget=\dimen287
\tabu@naturalX=\dimen288
\tabucolX=\dimen289
\tabu@Xsum=\dimen290
\extrarowdepth=\dimen291
\abovetabulinesep=\dimen292
\belowtabulinesep=\dimen293
\tabustrutrule=\dimen294
\tabu@thebody=\toks45
\tabu@footnotes=\toks46
\tabu@box=\box124
\tabu@arstrutbox=\box125
\tabu@hleads=\box126
\tabu@vleads=\box127
\tabu@cellskip=\skip90
)
(/Users/matthewlaw/Library/TinyTeX/texmf-dist/tex/latex/threeparttable/threepar
ttable.sty
Package: threeparttable 2003/06/13  v 3.0
\@tempboxb=\box128
)
(/Users/matthewlaw/Library/TinyTeX/texmf-dist/tex/latex/threeparttablex/threepa
rttablex.sty
Package: threeparttablex 2013/07/23 v0.3 by daleif
(/Users/matthewlaw/Library/TinyTeX/texmf-dist/tex/latex/environ/environ.sty
Package: environ 2014/05/04 v0.3 A new way to define environments

(/Users/matthewlaw/Library/TinyTeX/texmf-dist/tex/latex/trimspaces/trimspaces.s
ty
Package: trimspaces 2009/09/17 v1.1 Trim spaces around a token list
))
\TPTL@width=\skip91
) (/Users/matthewlaw/Library/TinyTeX/texmf-dist/tex/latex/makecell/makecell.sty
Package: makecell 2009/08/03 V0.1e Managing of Tab Column Heads and Cells
\rotheadsize=\dimen295
\c@nlinenum=\count350
\TeXr@lab=\toks47
) (/Users/matthewlaw/Library/TinyTeX/texmf-dist/tex/latex/fancyhdr/fancyhdr.sty
Package: fancyhdr 2021/01/28 v4.0.1 Extensive control of page headers and foote
rs
\f@nch@headwidth=\skip92
\f@nch@O@elh=\skip93
\f@nch@O@erh=\skip94
\f@nch@O@olh=\skip95
\f@nch@O@orh=\skip96
\f@nch@O@elf=\skip97
\f@nch@O@erf=\skip98
\f@nch@O@olf=\skip99
\f@nch@O@orf=\skip100
)

Package fancyhdr Warning: \fancyhead's `E' option without twoside option is use
less on input line 108.

(/Users/matthewlaw/Library/TinyTeX/texmf-dist/tex/latex/natbib/natbib.sty
Package: natbib 2010/09/13 8.31b (PWD, AO)
\bibhang=\skip101
\bibsep=\skip102
LaTeX Info: Redefining \cite on input line 694.
\c@NAT@ctr=\count351
) (/Users/matthewlaw/Library/TinyTeX/texmf-dist/tex/latex/tex-gyre/tgpagella.st
y
Package: tgpagella 2009/09/27 v1.2 TeX Gyre Pagella as default roman family
)
Package csquotes Info: Checking for multilingual support...
Package csquotes Info: ... found 'babel' package.
Package csquotes Info: Adjusting default style.
Package csquotes Info: Redefining alias 'default' -> 'english'.
LaTeX Font Info:    Trying to load font information for T1+qpl on input line 19
6.
(/Users/matthewlaw/Library/TinyTeX/texmf-dist/tex/latex/tex-gyre/t1qpl.fd
File: t1qpl.fd 2009/09/25 v1.2 font definition file for T1/qpl
) (./_main.aux (./front-and-back-matter/abbreviations.aux))
\openout1 = `_main.aux'.

LaTeX Font Info:    Checking defaults for OML/cmm/m/it on input line 196.
LaTeX Font Info:    ... okay on input line 196.
LaTeX Font Info:    Checking defaults for OMS/cmsy/m/n on input line 196.
LaTeX Font Info:    ... okay on input line 196.
LaTeX Font Info:    Checking defaults for OT1/cmr/m/n on input line 196.
LaTeX Font Info:    ... okay on input line 196.
LaTeX Font Info:    Checking defaults for T1/cmr/m/n on input line 196.
LaTeX Font Info:    ... okay on input line 196.
LaTeX Font Info:    Checking defaults for TS1/cmr/m/n on input line 196.
LaTeX Font Info:    Trying to load font information for TS1+cmr on input line 1
96.
(/Users/matthewlaw/Library/TinyTeX/texmf-dist/tex/latex/base/ts1cmr.fd
File: ts1cmr.fd 2019/12/16 v2.5j Standard LaTeX font definitions
)
LaTeX Font Info:    ... okay on input line 196.
LaTeX Font Info:    Checking defaults for TU/lmr/m/n on input line 196.
LaTeX Font Info:    ... okay on input line 196.
LaTeX Font Info:    Checking defaults for OMX/cmex/m/n on input line 196.
LaTeX Font Info:    ... okay on input line 196.
LaTeX Font Info:    Checking defaults for U/cmr/m/n on input line 196.
LaTeX Font Info:    ... okay on input line 196.
LaTeX Font Info:    Checking defaults for LGR/cmr/m/n on input line 196.
LaTeX Font Info:    Trying to load font information for LGR+cmr on input line 1
96.
(/Users/matthewlaw/Library/TinyTeX/texmf-dist/tex/latex/cbfonts-fd/lgrcmr.fd
File: lgrcmr.fd 2017/07/29 v1.2 Greek European Computer Regular
)
LaTeX Font Info:    ... okay on input line 196.
LaTeX Font Info:    Checking defaults for PD1/pdf/m/n on input line 196.
LaTeX Font Info:    ... okay on input line 196.
LaTeX Font Info:    Checking defaults for PU/pdf/m/n on input line 196.
LaTeX Font Info:    ... okay on input line 196.
*geometry* driver: auto-detecting
*geometry* detected driver: xetex
*geometry* verbose mode - [ preamble ] result:
* driver: xetex
* paper: a4paper
* layout: <same size as paper>
* layoutoffset:(h,v)=(0.0pt,0.0pt)
* modes: includehead 
* h-part:(L,W,R)=(88.2037pt, 421.10046pt, 88.2037pt)
* v-part:(T,H,B)=(71.13188pt, 697.09262pt, 76.82234pt)
* \paperwidth=597.50787pt
* \paperheight=845.04684pt
* \textwidth=421.10046pt
* \textheight=662.33034pt
* \oddsidemargin=15.93372pt
* \evensidemargin=15.93372pt
* \topmargin=-1.1381pt
* \headheight=15.0pt
* \headsep=22.76228pt
* \topskip=12.0pt
* \footskip=34.14322pt
* \marginparwidth=44.0pt
* \marginparsep=10.0pt
* \columnsep=10.0pt
* \skip\footins=10.8pt plus 4.0pt minus 2.0pt
* \hoffset=0.0pt
* \voffset=0.0pt
* \mag=1000
* \@twocolumnfalse
* \@twosidefalse
* \@mparswitchfalse
* \@reversemarginfalse
* (1in=72.27pt=25.4mm, 1cm=28.453pt)

LaTeX Info: Redefining \microtypecontext on input line 196.
Package microtype Info: Character protrusion enabled (level 2).
Package microtype Info: Using default protrusion set `alltext'.
Package microtype Info: No adjustment of tracking.
Package microtype Info: No adjustment of spacing.
Package microtype Info: No adjustment of kerning.
(/Users/matthewlaw/Library/TinyTeX/texmf-dist/tex/latex/microtype/mt-ppl.cfg
File: mt-ppl.cfg 2005/11/16 v1.6 microtype config. file: Palatino (RS)
)
Package caption Info: Begin \AtBeginDocument code.
Package caption Info: float package is loaded.
Package caption Info: hyperref package is loaded.
Package caption Info: rotating package is loaded.
Package caption Info: threeparttable package is loaded.
Package caption Info: wrapfig package is loaded.
Package caption Info: End \AtBeginDocument code.

(/Users/matthewlaw/Library/TinyTeX/texmf-dist/tex/latex/greek-fontenc/puenc-gre
ek.def
File: puenc-greek.def 2020/10/18 2.0 Greek LICRs for PDF strings

(/Users/matthewlaw/Library/TinyTeX/texmf-dist/tex/latex/greek-fontenc/greek-fon
tenc.def
File: greek-fontenc.def 2020/10/30 2.0 Common Greek font encoding definitions
))
Package hyperref Info: Link coloring OFF on input line 196.
(/Users/matthewlaw/Library/TinyTeX/texmf-dist/tex/latex/hyperref/nameref.sty
Package: nameref 2021-04-02 v2.47 Cross-referencing by name of section
(/Users/matthewlaw/Library/TinyTeX/texmf-dist/tex/latex/refcount/refcount.sty
Package: refcount 2019/12/15 v3.6 Data extraction from label references (HO)
)
(/Users/matthewlaw/Library/TinyTeX/texmf-dist/tex/generic/gettitlestring/gettit
lestring.sty
Package: gettitlestring 2019/12/15 v1.6 Cleanup title references (HO)
)
\c@section@level=\count352
)
LaTeX Info: Redefining \ref on input line 196.
LaTeX Info: Redefining \pageref on input line 196.
LaTeX Info: Redefining \nameref on input line 196.
(./_main.out) (./_main.out)
\@outlinefile=\write4
\openout4 = `_main.out'.

Invalid UTF-8 byte or sequence at line 250 replaced by U+FFFD.
Invalid UTF-8 byte or sequence at line 250 replaced by U+FFFD.
Invalid UTF-8 byte or sequence at line 250 replaced by U+FFFD.
Invalid UTF-8 byte or sequence at line 250 replaced by U+FFFD.
Invalid UTF-8 byte or sequence at line 250 replaced by U+FFFD.
Invalid UTF-8 byte or sequence at line 250 replaced by U+FFFD.
Invalid UTF-8 byte or sequence at line 250 replaced by U+FFFD.
Invalid UTF-8 byte or sequence at line 250 replaced by U+FFFD.
Invalid UTF-8 byte or sequence at line 250 replaced by U+FFFD.
Invalid UTF-8 byte or sequence at line 250 replaced by U+FFFD.
Invalid UTF-8 byte or sequence at line 250 replaced by U+FFFD.
File: figures/UoLlogo.eps Graphic file (type eps)
<figures/UoLlogo.eps>
LaTeX Font Info:    Trying to load font information for OT1+lmr on input line 2
50.
(/Users/matthewlaw/Library/TinyTeX/texmf-dist/tex/latex/lm/ot1lmr.fd
File: ot1lmr.fd 2015/05/01 v1.6.1 Font defs for Latin Modern
)
(/Users/matthewlaw/Library/TinyTeX/texmf-dist/tex/latex/microtype/mt-LatinModer
nRoman.cfg
File: mt-LatinModernRoman.cfg 2021/02/21 v1.1 microtype config. file: Latin Mod
ern Roman (RS)
)
Package microtype Info: Loading generic protrusion settings for font family
(microtype)             `lmr' (encoding: OT1).
(microtype)             For optimal results, create family-specific settings.
(microtype)             See the microtype manual for details.
LaTeX Font Info:    Trying to load font information for OML+lmm on input line 2
50.
(/Users/matthewlaw/Library/TinyTeX/texmf-dist/tex/latex/lm/omllmm.fd
File: omllmm.fd 2015/05/01 v1.6.1 Font defs for Latin Modern
)
LaTeX Font Info:    Trying to load font information for OMS+lmsy on input line 
250.
(/Users/matthewlaw/Library/TinyTeX/texmf-dist/tex/latex/lm/omslmsy.fd
File: omslmsy.fd 2015/05/01 v1.6.1 Font defs for Latin Modern
)
LaTeX Font Info:    Trying to load font information for OMX+lmex on input line 
250.
(/Users/matthewlaw/Library/TinyTeX/texmf-dist/tex/latex/lm/omxlmex.fd
File: omxlmex.fd 2015/05/01 v1.6.1 Font defs for Latin Modern
)
LaTeX Font Info:    External font `lmex10' loaded for size
(Font)              <12> on input line 250.
LaTeX Font Info:    External font `lmex10' loaded for size
(Font)              <8> on input line 250.
LaTeX Font Info:    External font `lmex10' loaded for size
(Font)              <6> on input line 250.
LaTeX Font Info:    Trying to load font information for U+msa on input line 250
.
(/Users/matthewlaw/Library/TinyTeX/texmf-dist/tex/latex/amsfonts/umsa.fd
File: umsa.fd 2013/01/14 v3.01 AMS symbols A
) (/Users/matthewlaw/Library/TinyTeX/texmf-dist/tex/latex/microtype/mt-msa.cfg
File: mt-msa.cfg 2006/02/04 v1.1 microtype config. file: AMS symbols (a) (RS)
)
LaTeX Font Info:    Trying to load font information for U+msb on input line 250
.
(/Users/matthewlaw/Library/TinyTeX/texmf-dist/tex/latex/amsfonts/umsb.fd
File: umsb.fd 2013/01/14 v3.01 AMS symbols B
) (/Users/matthewlaw/Library/TinyTeX/texmf-dist/tex/latex/microtype/mt-msb.cfg
File: mt-msb.cfg 2005/06/01 v1.0 microtype config. file: AMS symbols (b) (RS)
)
File: figures/idealista-logo-sized.pdf Graphic file (type pdf)
<use figures/idealista-logo-sized.pdf>

Overfull \hbox (2.004pt too wide) in paragraph at lines 250--250
[]$[][][][][][]$ $[]$ 
 []

[1



]
LaTeX Font Info:    Trying to load font information for T1+put on input line 25
4.
(/Users/matthewlaw/Library/TinyTeX/texmf-dist/tex/latex/psnfss/t1put.fd
File: t1put.fd 2001/06/04 font definitions for T1/put.
)
Package microtype Info: Loading generic protrusion settings for font family
(microtype)             `put' (encoding: T1).
(microtype)             For optimal results, create family-specific settings.
(microtype)             See the microtype manual for details.
LaTeX Font Info:    Trying to load font information for T1+lmtt on input line 2
57.
(/Users/matthewlaw/Library/TinyTeX/texmf-dist/tex/latex/lm/t1lmtt.fd
File: t1lmtt.fd 2015/05/01 v1.6.1 Font defs for Latin Modern
)
Package microtype Info: Loading generic protrusion settings for font family
(microtype)             `lmtt' (encoding: T1).
(microtype)             For optimal results, create family-specific settings.
(microtype)             See the microtype manual for details.
[2


] [3


] (./_main.toc [4

])
\tf@toc=\write5
\openout5 = `_main.toc'.

[5] (./_main.lof [6

])
\tf@lof=\write6
\openout6 = `_main.lof'.

[7] (./_main.lot)
\tf@lot=\write7
\openout7 = `_main.lot'.

[8

]
\openout2 = `front-and-back-matter/abbreviations.aux'.

(./front-and-back-matter/abbreviations.tex) [9


]
Chapter 1.
Package minitoc Info: I0006
(minitoc)             _main.mtc4 is empty on input line 311.
[1




]
LaTeX Font Info:    Trying to load font information for TS1+qpl on input line 3
35.
(/Users/matthewlaw/Library/TinyTeX/texmf-dist/tex/latex/tex-gyre/ts1qpl.fd
File: ts1qpl.fd 2009/09/25 v1.2 font definition file for TS1/qpl
) [2] [3]
Chapter 2.
Package minitoc Info: I0006
(minitoc)             _main.mtc5 is empty on input line 351.
[4

] [5] [6]
Overfull \hbox (12.39922pt too wide) in paragraph at lines 388--389
[]\T1/qpl/m/n/12 Among the first ex-plicit con-tri-bu-tions to the nascent meth
odology-cum-subfield
 []

[7] [8] [9]
Overfull \hbox (12.05836pt too wide) in paragraph at lines 424--425
[]\T1/qpl/m/n/12 In method-olo-gies us-ing su-per-vised ma-chine learn-ing tech
-niques, the re-searcher
 []

[10] [11]
Chapter 3.
Package minitoc Info: I0006
(minitoc)             _main.mtc6 is empty on input line 439.
[12

]
Overfull \hbox (16.22113pt too wide) in paragraph at lines 463--464
[]\T1/qpl/m/n/12 These data have been used in pre-vi-ous ge-o-graphic data sci-
ence re-search: []Arribas-
 []

[13]
File: figures/making ET/a.png Graphic file (type bmp)
<figures/making ET/a.png>
File: figures/making ET/b.png Graphic file (type bmp)
<figures/making ET/b.png>
File: figures/making ET/c.png Graphic file (type bmp)
<figures/making ET/c.png>

Overfull \hbox (7.52716pt too wide) in paragraph at lines 488--489
[]\T1/qpl/m/n/12 The road net-work is taken from the col-lab-o-ra-tive on-line 
Open-StreetMap (OSM)
 []

[14]
LaTeX Font Info:    External font `lmex10' loaded for size
(Font)              <10> on input line 490.
LaTeX Font Info:    External font `lmex10' loaded for size
(Font)              <7> on input line 490.
LaTeX Font Info:    External font `lmex10' loaded for size
(Font)              <5> on input line 490.

Underfull \hbox (badness 2828) in paragraph at lines 490--490
[][][]\T1/qpl/m/n/10 Specifically, the func-tion used to re-turn `driv-able' ro
ads re-moves all routes tagged
 []


Underfull \hbox (badness 2626) in paragraph at lines 490--490
\T1/qpl/m/n/10 as \T1/lmtt/m/n/10 abandoned\T1/qpl/m/n/10 , \T1/lmtt/m/n/10 bri
dleway\T1/qpl/m/n/10 , \T1/lmtt/m/n/10 bus_guideway\T1/qpl/m/n/10 , \T1/lmtt/m/
n/10 construction\T1/qpl/m/n/10 , \T1/lmtt/m/n/10 corridor\T1/qpl/m/n/10 , \T1/
lmtt/m/n/10 cycleway\T1/qpl/m/n/10 , \T1/lmtt/m/n/10 elevator\T1/qpl/m/n/10 ,
 []


Underfull \hbox (badness 1132) in paragraph at lines 490--490
\T1/lmtt/m/n/10 escalator\T1/qpl/m/n/10 , \T1/lmtt/m/n/10 footway\T1/qpl/m/n/10
 , \T1/lmtt/m/n/10 path\T1/qpl/m/n/10 , \T1/lmtt/m/n/10 pedestrian\T1/qpl/m/n/1
0 , \T1/lmtt/m/n/10 planned\T1/qpl/m/n/10 , \T1/lmtt/m/n/10 platform\T1/qpl/m/n
/10 , \T1/lmtt/m/n/10 proposed\T1/qpl/m/n/10 , \T1/lmtt/m/n/10 raceway\T1/qpl/m
/n/10 , \T1/lmtt/m/n/10 service\T1/qpl/m/n/10 ,
 []


Underfull \hbox (badness 1009) in paragraph at lines 490--490
\T1/lmtt/m/n/10 steps\T1/qpl/m/n/10 , \T1/lmtt/m/n/10 track\T1/qpl/m/n/10 , \T1
/lmtt/m/n/10 alley\T1/qpl/m/n/10 , \T1/lmtt/m/n/10 driveway\T1/qpl/m/n/10 , \T1
/lmtt/m/n/10 emergency_access\T1/qpl/m/n/10 , \T1/lmtt/m/n/10 parking\T1/qpl/m/
n/10 , \T1/lmtt/m/n/10 parking_aisle\T1/qpl/m/n/10 , or \T1/lmtt/m/n/10 private
\T1/qpl/m/n/10 ;
 []

[15]
Overfull \hbox (6.67917pt too wide) in paragraph at lines 500--501
\T1/qpl/m/n/12 tial data they col-lect. It com-pletely par-ti-tions the sur-fac
e of the Earth into hexagons
 []

File: figures/h3-globe.png Graphic file (type bmp)
<figures/h3-globe.png>
File: figures/units/MT.png Graphic file (type bmp)
<figures/units/MT.png>
File: figures/units/ET.png Graphic file (type bmp)
<figures/units/ET.png>
File: figures/units/blocks.png Graphic file (type bmp)
<figures/units/blocks.png>
File: figures/units/H3.png Graphic file (type bmp)
<figures/units/H3.png>
[16]
Overfull \hbox (1.09521pt too wide) in paragraph at lines 534--535
[]\T1/qpl/m/n/12 The cadas-tral dataset pro-vides mul-ti-ple forms of geospa-ti
al in-for-ma-tion about
 []


Overfull \hbox (60.28629pt too wide) in paragraph at lines 534--535
\T1/qpl/m/n/12 cal-cu-late sev-eral mor-pho-me-t-ric char-ac-ters) is de-rived 
from the \T1/lmtt/m/n/12 numberOfFloorsAboveGround
 []

[17] [18]
File: figures/ET_correlations.pdf Graphic file (type pdf)
<use figures/ET_correlations.pdf>

Overfull \hbox (21.26866pt too wide) in paragraph at lines 610--611
\T1/qpl/m/n/12 hibit-ing too high a de-gree of collinear-ity: \T1/lmtt/m/n/12 b
lg_CentroidCornersMean\T1/qpl/m/n/12 , \T1/lmtt/m/n/12 blg_Perimeter\T1/qpl/m/n
/12 ,
 []

[19] [20] [21]
File: figures/spatial_weights.png Graphic file (type bmp)
<figures/spatial_weights.png>
[22] [23]
File: figures/ET_BIC.pdf Graphic file (type pdf)
<use figures/ET_BIC.pdf>

Overfull \hbox (12.15102pt too wide) in paragraph at lines 660--661
\T1/qpl/m/n/12 Many dif-fer-ent seg-men-ta-tions were car-ried out vary-ing dif
-fer-ent pa-ram-e-ters. Seven
 []

[24] [25] [26]
File: figures/segmentations flowchart.pdf Graphic file (type pdf)
<use figures/segmentations flowchart.pdf>

Overfull \hbox (56.90765pt too wide) in paragraph at lines 699--700
 [][] 
 []

[27] [28]
File: figures/maps/house_data_map.png Graphic file (type bmp)
<figures/maps/house_data_map.png>
[29] [30] [31]
Chapter 4.
Package minitoc Info: I0006
(minitoc)             _main.mtc7 is empty on input line 770.
File: figures/maps/MT_8cls_5sw 8.png Graphic file (type bmp)
<figures/maps/MT_8cls_5sw 8.png>

Overfull \hbox (56.90765pt too wide) in paragraph at lines 784--785
 [][] 
 []

File: figures/maps/ET_8cls_5sw 2.png Graphic file (type bmp)
<figures/maps/ET_8cls_5sw 2.png>

Overfull \hbox (56.90765pt too wide) in paragraph at lines 793--794
 [][] 
 []

File: figures/maps/block_8cls_5sw 2.png Graphic file (type bmp)
<figures/maps/block_8cls_5sw 2.png>

Overfull \hbox (56.90765pt too wide) in paragraph at lines 802--803
 [][] 
 []

File: figures/maps/H3_8cls_5sw 2.png Graphic file (type bmp)
<figures/maps/H3_8cls_5sw 2.png>

Overfull \hbox (56.90765pt too wide) in paragraph at lines 811--812
 [][] 
 []

File: figures/maps/H3_basic 1.png Graphic file (type bmp)
<figures/maps/H3_basic 1.png>

Overfull \hbox (56.90765pt too wide) in paragraph at lines 820--821
 [][] 
 []

File: figures/maps/H3_ET_chars 1.png Graphic file (type bmp)
<figures/maps/H3_ET_chars 1.png>

Overfull \hbox (56.90765pt too wide) in paragraph at lines 829--830
 [][] 
 []

File: figures/maps/MT_constrained_15cls_5sw 1.png Graphic file (type bmp)
<figures/maps/MT_constrained_15cls_5sw 1.png>

Overfull \hbox (56.90765pt too wide) in paragraph at lines 838--839
 [][] 
 []

[32

] [33] [34] [35] [36] [37] [38] [39] [40]
File: figures/maps/neighbourhoods 2.png Graphic file (type bmp)
<figures/maps/neighbourhoods 2.png>

Overfull \hbox (56.90765pt too wide) in paragraph at lines 864--865
 [][] 
 []


Overfull \hbox (12.6272pt too wide) in paragraph at lines 871--872
[]\T1/qpl/m/n/12 In or-der to al-low a com-par-i-son be-tween the novel spa-tia
l seg-men-ta-tions mapped
 []

File: _main_files/figure-latex//boxplot_155b7a663c5e.pdf Graphic file (type pdf
)
<use _main_files/figure-latex//boxplot_155b7a663c5e.pdf>
File: _main_files/figure-latex//boxplot_155b74bde4fc0.pdf Graphic file (type pd
f)
<use _main_files/figure-latex//boxplot_155b74bde4fc0.pdf>
File: _main_files/figure-latex//boxplot_155b77ed55854.pdf Graphic file (type pd
f)
<use _main_files/figure-latex//boxplot_155b77ed55854.pdf>
File: _main_files/figure-latex//boxplot_155b763c22135.pdf Graphic file (type pd
f)
<use _main_files/figure-latex//boxplot_155b763c22135.pdf>
File: _main_files/figure-latex//boxplot_155b74b47f8b.pdf Graphic file (type pdf
)
<use _main_files/figure-latex//boxplot_155b74b47f8b.pdf>
File: _main_files/figure-latex//boxplot_155b721a1ffbc.pdf Graphic file (type pd
f)
<use _main_files/figure-latex//boxplot_155b721a1ffbc.pdf>
File: _main_files/figure-latex//boxplot_155b76906e247.pdf Graphic file (type pd
f)
<use _main_files/figure-latex//boxplot_155b76906e247.pdf>
File: _main_files/figure-latex//boxplot_155b713e9beff.pdf Graphic file (type pd
f)
<use _main_files/figure-latex//boxplot_155b713e9beff.pdf>
File: _main_files/figure-latex//boxplot_155b7501b1fe5.pdf Graphic file (type pd
f)
<use _main_files/figure-latex//boxplot_155b7501b1fe5.pdf>
File: _main_files/figure-latex//boxplot_155b712ba5ece.pdf Graphic file (type pd
f)
<use _main_files/figure-latex//boxplot_155b712ba5ece.pdf>
[41] [42]
File: _main_files/figure-latex/every-type-graph-1.pdf Graphic file (type pdf)
<use _main_files/figure-latex/every-type-graph-1.pdf>
[43]
File: _main_files/figure-latex/avg-type-graph-1.pdf Graphic file (type pdf)
<use _main_files/figure-latex/avg-type-graph-1.pdf>
[44] [45] [46]
File: _main_files/figure-latex//boxplot_155b71b43426c.pdf Graphic file (type pd
f)
<use _main_files/figure-latex//boxplot_155b71b43426c.pdf>
File: _main_files/figure-latex//boxplot_155b7313c08fa.pdf Graphic file (type pd
f)
<use _main_files/figure-latex//boxplot_155b7313c08fa.pdf>
File: _main_files/figure-latex//boxplot_155b71b02ff84.pdf Graphic file (type pd
f)
<use _main_files/figure-latex//boxplot_155b71b02ff84.pdf>
File: _main_files/figure-latex//boxplot_155b7779c08a7.pdf Graphic file (type pd
f)
<use _main_files/figure-latex//boxplot_155b7779c08a7.pdf>
File: _main_files/figure-latex//boxplot_155b72f2fac3e.pdf Graphic file (type pd
f)
<use _main_files/figure-latex//boxplot_155b72f2fac3e.pdf>
File: _main_files/figure-latex//boxplot_155b71af02154.pdf Graphic file (type pd
f)
<use _main_files/figure-latex//boxplot_155b71af02154.pdf>
File: _main_files/figure-latex//boxplot_155b7635f821d.pdf Graphic file (type pd
f)
<use _main_files/figure-latex//boxplot_155b7635f821d.pdf>
File: _main_files/figure-latex//boxplot_155b751b45100.pdf Graphic file (type pd
f)
<use _main_files/figure-latex//boxplot_155b751b45100.pdf>
File: _main_files/figure-latex//boxplot_155b75d98a37.pdf Graphic file (type pdf
)
<use _main_files/figure-latex//boxplot_155b75d98a37.pdf>
File: _main_files/figure-latex//boxplot_155b745da8f72.pdf Graphic file (type pd
f)
<use _main_files/figure-latex//boxplot_155b745da8f72.pdf>
File: _main_files/figure-latex/every-polygon-graph-1.pdf Graphic file (type pdf
)
<use _main_files/figure-latex/every-polygon-graph-1.pdf>
File: _main_files/figure-latex/avg-polygon-graph-1.pdf Graphic file (type pdf)
<use _main_files/figure-latex/avg-polygon-graph-1.pdf>
[47] [48] [49]
Chapter 5.
Package minitoc Info: I0006
(minitoc)             _main.mtc8 is empty on input line 977.
[50

]
Overfull \hbox (2.40317pt too wide) in paragraph at lines 989--990
\T1/qpl/m/n/12 tween seg-men-ta-tions which di-vide an area into a dif-fer-ent 
num-ber of units and/or
 []

[51] [52]
File: figures/contextual/0sw.png Graphic file (type bmp)
<figures/contextual/0sw.png>
File: figures/contextual/1sw.png Graphic file (type bmp)
<figures/contextual/1sw.png>
File: figures/contextual/3sw.png Graphic file (type bmp)
<figures/contextual/3sw.png>
File: figures/contextual/5sw.png Graphic file (type bmp)
<figures/contextual/5sw.png>
[53]
Overfull \hbox (10.32909pt too wide) in paragraph at lines 1029--1029
|[]\T1/qpl/b/n/17.28 Creating spa-tial seg-men-ta-tions from dif-fer-ent base
 []

[54] [55] [56]
File: figures/islands1 square.png Graphic file (type bmp)
<figures/islands1 square.png>
File: figures/islands2 square.png Graphic file (type bmp)
<figures/islands2 square.png>
[57]
Overfull \hbox (7.73712pt too wide) in paragraph at lines 1061--1061
|[]\T1/qpl/b/n/17.28 Creating spa-tial seg-men-ta-tions with dif-fer-ent clus-
 []

[58]
Chapter 6.
Package minitoc Info: I0006
(minitoc)             _main.mtc9 is empty on input line 1069.

Overfull \hbox (15.93124pt too wide) in paragraph at lines 1075--1076
[]\T1/qpl/m/n/12 The pri-mary con-tri-bu-tion of this dis-ser-ta-tion has been 
method-olog-i-cal. Through-
 []

[59

] [60] [61] [62

]
Appendix A.
File: _main_files/figure-latex//boxplot_155b77f86db70.pdf Graphic file (type pd
f)
<use _main_files/figure-latex//boxplot_155b77f86db70.pdf>
File: _main_files/figure-latex//boxplot_155b71c12400e.pdf Graphic file (type pd
f)
<use _main_files/figure-latex//boxplot_155b71c12400e.pdf>
File: _main_files/figure-latex//boxplot_155b77f16bc9f.pdf Graphic file (type pd
f)
<use _main_files/figure-latex//boxplot_155b77f16bc9f.pdf>
File: _main_files/figure-latex//boxplot_155b778c523cb.pdf Graphic file (type pd
f)
<use _main_files/figure-latex//boxplot_155b778c523cb.pdf>
File: _main_files/figure-latex//boxplot_155b774775c9.pdf Graphic file (type pdf
)
<use _main_files/figure-latex//boxplot_155b774775c9.pdf>
File: _main_files/figure-latex//boxplot_155b711f089c5.pdf Graphic file (type pd
f)
<use _main_files/figure-latex//boxplot_155b711f089c5.pdf>
File: _main_files/figure-latex//boxplot_155b75fb26c16.pdf Graphic file (type pd
f)
<use _main_files/figure-latex//boxplot_155b75fb26c16.pdf>
File: _main_files/figure-latex//boxplot_155b74a6f3496.pdf Graphic file (type pd
f)
<use _main_files/figure-latex//boxplot_155b74a6f3496.pdf>
File: _main_files/figure-latex//boxplot_155b723c8f7fb.pdf Graphic file (type pd
f)
<use _main_files/figure-latex//boxplot_155b723c8f7fb.pdf>
File: _main_files/figure-latex//boxplot_155b738e754c3.pdf Graphic file (type pd
f)
<use _main_files/figure-latex//boxplot_155b738e754c3.pdf>
File: _main_files/figure-latex/avg-polygon-graph-all-points-1.pdf Graphic file 
(type pdf)
<use _main_files/figure-latex/avg-polygon-graph-all-points-1.pdf>

Overfull \hbox (1.33434pt too wide) in paragraph at lines 1133--1134
\T1/qpl/m/n/12 ET cells and clus-ter-ing con-tex-tual char-ac-ters in-cor-po-ra
t-ing in-for-ma-tion from cells
 []

File: figures/maps/ET_8cls_0sw 1.png Graphic file (type bmp)
<figures/maps/ET_8cls_0sw 1.png>

Overfull \hbox (56.90765pt too wide) in paragraph at lines 1137--1138
 [][] 
 []

File: figures/maps/ET_8cls_3sw 3.png Graphic file (type bmp)
<figures/maps/ET_8cls_3sw 3.png>

Overfull \hbox (56.90765pt too wide) in paragraph at lines 1146--1147
 [][] 
 []

(./_main.bbl [63

] [64] [65] [66]
LaTeX Font Info:    External font `lmex10' loaded for size
(Font)              <10.95> on input line 54.
LaTeX Info: Redefining \tempurl on input line 71.
LaTeX Info: Redefining \tempurl on input line 87.
LaTeX Info: Redefining \tempurl on input line 114.
LaTeX Info: Redefining \tempurl on input line 127.
LaTeX Info: Redefining \tempurl on input line 144.
LaTeX Info: Redefining \tempurl on input line 161.
LaTeX Info: Redefining \tempurl on input line 178.
LaTeX Info: Redefining \tempurl on input line 195.
LaTeX Info: Redefining \tempurl on input line 207.
[67

]
LaTeX Info: Redefining \tempurl on input line 226.
LaTeX Info: Redefining \tempurl on input line 243.
LaTeX Info: Redefining \tempurl on input line 272.
LaTeX Info: Redefining \tempurl on input line 289.
LaTeX Info: Redefining \tempurl on input line 308.
LaTeX Info: Redefining \tempurl on input line 330.
LaTeX Info: Redefining \tempurl on input line 346.
LaTeX Info: Redefining \tempurl on input line 365.
LaTeX Info: Redefining \tempurl on input line 381.
LaTeX Info: Redefining \tempurl on input line 408.
[68]
LaTeX Info: Redefining \tempurl on input line 426.
LaTeX Info: Redefining \tempurl on input line 443.
LaTeX Info: Redefining \tempurl on input line 464.
LaTeX Info: Redefining \tempurl on input line 482.
LaTeX Info: Redefining \tempurl on input line 501.
LaTeX Info: Redefining \tempurl on input line 518.
LaTeX Info: Redefining \tempurl on input line 536.
LaTeX Info: Redefining \tempurl on input line 550.
LaTeX Info: Redefining \tempurl on input line 572.
[69]
LaTeX Info: Redefining \tempurl on input line 589.
LaTeX Info: Redefining \tempurl on input line 606.
LaTeX Info: Redefining \tempurl on input line 624.
LaTeX Info: Redefining \tempurl on input line 653.
LaTeX Info: Redefining \tempurl on input line 677.
LaTeX Info: Redefining \tempurl on input line 704.
LaTeX Info: Redefining \tempurl on input line 721.
LaTeX Info: Redefining \tempurl on input line 739.
LaTeX Info: Redefining \tempurl on input line 752.
LaTeX Info: Redefining \tempurl on input line 767.
LaTeX Info: Redefining \tempurl on input line 782.
[70]
LaTeX Info: Redefining \tempurl on input line 797.
LaTeX Info: Redefining \tempurl on input line 814.
LaTeX Info: Redefining \tempurl on input line 829.
LaTeX Info: Redefining \tempurl on input line 858.
LaTeX Info: Redefining \tempurl on input line 874.
LaTeX Info: Redefining \tempurl on input line 894.
LaTeX Info: Redefining \tempurl on input line 909.
LaTeX Info: Redefining \tempurl on input line 924.
LaTeX Info: Redefining \tempurl on input line 948.
LaTeX Info: Redefining \tempurl on input line 965.
LaTeX Info: Redefining \tempurl on input line 984.
[71]
LaTeX Info: Redefining \tempurl on input line 998.
LaTeX Info: Redefining \tempurl on input line 1015.
LaTeX Info: Redefining \tempurl on input line 1033.
)
Package minitoc Info: I0009
(minitoc)             Listing minitoc auxiliary files. 
(minitoc)             Creating the _main.maf file.
\openout3 = `_main.maf'.

[72] (./_main.aux (./front-and-back-matter/abbreviations.aux))
Package rerunfilecheck Info: File `_main.out' has not changed.
(rerunfilecheck)             Checksum: A6CB1DCE32C6D3A46C6844D23E5BA5B5;9306.
 ) 
Here is how much of TeX's memory you used:
 24352 strings out of 478450
 413226 string characters out of 5858442
 789593 words of memory out of 5000000
 43886 multiletter control sequences out of 15000+600000
 499543 words of font info for 93 fonts, out of 8000000 for 9000
 14 hyphenation exceptions out of 8191
 73i,14n,81p,1537b,757s stack positions out of 5000i,500n,10000p,200000b,80000s

Output written on _main.pdf (81 pages).
